[rospy.client][INFO] 2020-12-23 09:39:26,605: init_node, name[/train_1391_1608716366575], pid[1391]
[xmlrpc][INFO] 2020-12-23 09:39:26,606: XML-RPC server binding to 0.0.0.0:0
[xmlrpc][INFO] 2020-12-23 09:39:26,607: Started XML-RPC server [http://192.168.0.191:38607/]
[rospy.init][INFO] 2020-12-23 09:39:26,607: ROS Slave URI: [http://192.168.0.191:38607/]
[rospy.impl.masterslave][INFO] 2020-12-23 09:39:26,607: _ready: http://192.168.0.191:38607/
[rospy.registration][INFO] 2020-12-23 09:39:26,609: Registering with master node http://192.168.0.201:11311
[xmlrpc][INFO] 2020-12-23 09:39:26,609: xml rpc node: starting XML-RPC server
[rospy.init][INFO] 2020-12-23 09:39:26,708: registered with master
[rospy.rosout][INFO] 2020-12-23 09:39:26,708: initializing /rosout core topic
[rospy.rosout][INFO] 2020-12-23 09:39:26,715: connected to core topic /rosout
[rospy.simtime][INFO] 2020-12-23 09:39:26,716: /use_sim_time is not set, will not subscribe to simulated time [/clock] topic
[rospy.internal][INFO] 2020-12-23 09:39:26,728: topic[/bev/temporal_bev_image] adding connection to [http://192.168.0.201:38273/], count 0
[rospy.internal][INFO] 2020-12-23 09:39:26,732: topic[/odom] adding connection to [http://192.168.0.201:39961/], count 0
[rospy.internal][INFO] 2020-12-23 09:39:26,738: topic[/start_goal_points] adding connection to [http://192.168.0.201:33305/], count 0
[rospy.internal][INFO] 2020-12-23 09:39:26,743: topic[/scan] adding connection to [http://192.168.0.201:39961/], count 0
[rospy.internal][INFO] 2020-12-23 09:39:26,744: topic[/scan] adding connection to [http://192.168.0.201:41653/], count 1
[rospy.internal][INFO] 2020-12-23 09:39:26,749: topic[/is_start_episode] adding connection to [http://192.168.0.201:38289/], count 0
[rosout][ERROR] 2020-12-23 09:39:26,757: bad callback: <bound method ROSNode.temporal_bev_image_callback of <__main__.ROSNode object at 0x7f98409ec250>>
Traceback (most recent call last):
  File "/opt/ros/noetic/lib/python3/dist-packages/rospy/topics.py", line 750, in _invoke_callback
    cb(msg)
  File "./train.py", line 112, in temporal_bev_image_callback
    cv_temporal_bev_image = cv2.cvtColor(cv_temporal_bev_image, cv2.COLOR_BGR2GRAY)
cv2.error: OpenCV(4.2.0) ../modules/imgproc/src/color.simd_helpers.hpp:92: error: (-2:Unspecified error) in function 'cv::impl::{anonymous}::CvtHelper<VScn, VDcn, VDepth, sizePolicy>::CvtHelper(cv::InputArray, cv::OutputArray, int) [with VScn = cv::impl::{anonymous}::Set<3, 4>; VDcn = cv::impl::{anonymous}::Set<1>; VDepth = cv::impl::{anonymous}::Set<0, 2, 5>; cv::impl::{anonymous}::SizePolicy sizePolicy = cv::impl::<unnamed>::NONE; cv::InputArray = const cv::_InputArray&; cv::OutputArray = const cv::_OutputArray&]'
> Invalid number of channels in input image:
>     'VScn::contains(scn)'
> where
>     'scn' is 1


[rospy.internal][INFO] 2020-12-23 09:39:26,925: topic[/rosout] adding connection to [/rosout], count 0
[rospy.internal][INFO] 2020-12-23 09:39:26,926: topic[/cmd_vel] adding connection to [/gazebo], count 0
[rospy.internal][INFO] 2020-12-23 09:39:26,927: topic[/episode_watcher/is_finish_episode] adding connection to [/episode_manager], count 0
[rosout][ERROR] 2020-12-23 09:39:26,971: bad callback: <bound method ROSNode.temporal_bev_image_callback of <__main__.ROSNode object at 0x7f98409ec250>>
Traceback (most recent call last):
  File "/opt/ros/noetic/lib/python3/dist-packages/rospy/topics.py", line 750, in _invoke_callback
    cb(msg)
  File "./train.py", line 112, in temporal_bev_image_callback
    cv_temporal_bev_image = cv2.cvtColor(cv_temporal_bev_image, cv2.COLOR_BGR2GRAY)
cv2.error: OpenCV(4.2.0) ../modules/imgproc/src/color.simd_helpers.hpp:92: error: (-2:Unspecified error) in function 'cv::impl::{anonymous}::CvtHelper<VScn, VDcn, VDepth, sizePolicy>::CvtHelper(cv::InputArray, cv::OutputArray, int) [with VScn = cv::impl::{anonymous}::Set<3, 4>; VDcn = cv::impl::{anonymous}::Set<1>; VDepth = cv::impl::{anonymous}::Set<0, 2, 5>; cv::impl::{anonymous}::SizePolicy sizePolicy = cv::impl::<unnamed>::NONE; cv::InputArray = const cv::_InputArray&; cv::OutputArray = const cv::_OutputArray&]'
> Invalid number of channels in input image:
>     'VScn::contains(scn)'
> where
>     'scn' is 1


[rosout][ERROR] 2020-12-23 09:39:27,192: bad callback: <bound method ROSNode.temporal_bev_image_callback of <__main__.ROSNode object at 0x7f98409ec250>>
Traceback (most recent call last):
  File "/opt/ros/noetic/lib/python3/dist-packages/rospy/topics.py", line 750, in _invoke_callback
    cb(msg)
  File "./train.py", line 112, in temporal_bev_image_callback
    cv_temporal_bev_image = cv2.cvtColor(cv_temporal_bev_image, cv2.COLOR_BGR2GRAY)
cv2.error: OpenCV(4.2.0) ../modules/imgproc/src/color.simd_helpers.hpp:92: error: (-2:Unspecified error) in function 'cv::impl::{anonymous}::CvtHelper<VScn, VDcn, VDepth, sizePolicy>::CvtHelper(cv::InputArray, cv::OutputArray, int) [with VScn = cv::impl::{anonymous}::Set<3, 4>; VDcn = cv::impl::{anonymous}::Set<1>; VDepth = cv::impl::{anonymous}::Set<0, 2, 5>; cv::impl::{anonymous}::SizePolicy sizePolicy = cv::impl::<unnamed>::NONE; cv::InputArray = const cv::_InputArray&; cv::OutputArray = const cv::_OutputArray&]'
> Invalid number of channels in input image:
>     'VScn::contains(scn)'
> where
>     'scn' is 1


[rosout][ERROR] 2020-12-23 09:39:27,424: bad callback: <bound method ROSNode.temporal_bev_image_callback of <__main__.ROSNode object at 0x7f98409ec250>>
Traceback (most recent call last):
  File "/opt/ros/noetic/lib/python3/dist-packages/rospy/topics.py", line 750, in _invoke_callback
    cb(msg)
  File "./train.py", line 112, in temporal_bev_image_callback
    cv_temporal_bev_image = cv2.cvtColor(cv_temporal_bev_image, cv2.COLOR_BGR2GRAY)
cv2.error: OpenCV(4.2.0) ../modules/imgproc/src/color.simd_helpers.hpp:92: error: (-2:Unspecified error) in function 'cv::impl::{anonymous}::CvtHelper<VScn, VDcn, VDepth, sizePolicy>::CvtHelper(cv::InputArray, cv::OutputArray, int) [with VScn = cv::impl::{anonymous}::Set<3, 4>; VDcn = cv::impl::{anonymous}::Set<1>; VDepth = cv::impl::{anonymous}::Set<0, 2, 5>; cv::impl::{anonymous}::SizePolicy sizePolicy = cv::impl::<unnamed>::NONE; cv::InputArray = const cv::_InputArray&; cv::OutputArray = const cv::_OutputArray&]'
> Invalid number of channels in input image:
>     'VScn::contains(scn)'
> where
>     'scn' is 1


[rosout][ERROR] 2020-12-23 09:39:27,647: bad callback: <bound method ROSNode.temporal_bev_image_callback of <__main__.ROSNode object at 0x7f98409ec250>>
Traceback (most recent call last):
  File "/opt/ros/noetic/lib/python3/dist-packages/rospy/topics.py", line 750, in _invoke_callback
    cb(msg)
  File "./train.py", line 112, in temporal_bev_image_callback
    cv_temporal_bev_image = cv2.cvtColor(cv_temporal_bev_image, cv2.COLOR_BGR2GRAY)
cv2.error: OpenCV(4.2.0) ../modules/imgproc/src/color.simd_helpers.hpp:92: error: (-2:Unspecified error) in function 'cv::impl::{anonymous}::CvtHelper<VScn, VDcn, VDepth, sizePolicy>::CvtHelper(cv::InputArray, cv::OutputArray, int) [with VScn = cv::impl::{anonymous}::Set<3, 4>; VDcn = cv::impl::{anonymous}::Set<1>; VDepth = cv::impl::{anonymous}::Set<0, 2, 5>; cv::impl::{anonymous}::SizePolicy sizePolicy = cv::impl::<unnamed>::NONE; cv::InputArray = const cv::_InputArray&; cv::OutputArray = const cv::_OutputArray&]'
> Invalid number of channels in input image:
>     'VScn::contains(scn)'
> where
>     'scn' is 1


[rosout][ERROR] 2020-12-23 09:39:27,878: bad callback: <bound method ROSNode.temporal_bev_image_callback of <__main__.ROSNode object at 0x7f98409ec250>>
Traceback (most recent call last):
  File "/opt/ros/noetic/lib/python3/dist-packages/rospy/topics.py", line 750, in _invoke_callback
    cb(msg)
  File "./train.py", line 112, in temporal_bev_image_callback
    cv_temporal_bev_image = cv2.cvtColor(cv_temporal_bev_image, cv2.COLOR_BGR2GRAY)
cv2.error: OpenCV(4.2.0) ../modules/imgproc/src/color.simd_helpers.hpp:92: error: (-2:Unspecified error) in function 'cv::impl::{anonymous}::CvtHelper<VScn, VDcn, VDepth, sizePolicy>::CvtHelper(cv::InputArray, cv::OutputArray, int) [with VScn = cv::impl::{anonymous}::Set<3, 4>; VDcn = cv::impl::{anonymous}::Set<1>; VDepth = cv::impl::{anonymous}::Set<0, 2, 5>; cv::impl::{anonymous}::SizePolicy sizePolicy = cv::impl::<unnamed>::NONE; cv::InputArray = const cv::_InputArray&; cv::OutputArray = const cv::_OutputArray&]'
> Invalid number of channels in input image:
>     'VScn::contains(scn)'
> where
>     'scn' is 1


[rosout][ERROR] 2020-12-23 09:39:28,105: bad callback: <bound method ROSNode.temporal_bev_image_callback of <__main__.ROSNode object at 0x7f98409ec250>>
Traceback (most recent call last):
  File "/opt/ros/noetic/lib/python3/dist-packages/rospy/topics.py", line 750, in _invoke_callback
    cb(msg)
  File "./train.py", line 112, in temporal_bev_image_callback
    cv_temporal_bev_image = cv2.cvtColor(cv_temporal_bev_image, cv2.COLOR_BGR2GRAY)
cv2.error: OpenCV(4.2.0) ../modules/imgproc/src/color.simd_helpers.hpp:92: error: (-2:Unspecified error) in function 'cv::impl::{anonymous}::CvtHelper<VScn, VDcn, VDepth, sizePolicy>::CvtHelper(cv::InputArray, cv::OutputArray, int) [with VScn = cv::impl::{anonymous}::Set<3, 4>; VDcn = cv::impl::{anonymous}::Set<1>; VDepth = cv::impl::{anonymous}::Set<0, 2, 5>; cv::impl::{anonymous}::SizePolicy sizePolicy = cv::impl::<unnamed>::NONE; cv::InputArray = const cv::_InputArray&; cv::OutputArray = const cv::_OutputArray&]'
> Invalid number of channels in input image:
>     'VScn::contains(scn)'
> where
>     'scn' is 1


[rosout][ERROR] 2020-12-23 09:39:28,338: bad callback: <bound method ROSNode.temporal_bev_image_callback of <__main__.ROSNode object at 0x7f98409ec250>>
Traceback (most recent call last):
  File "/opt/ros/noetic/lib/python3/dist-packages/rospy/topics.py", line 750, in _invoke_callback
    cb(msg)
  File "./train.py", line 112, in temporal_bev_image_callback
    cv_temporal_bev_image = cv2.cvtColor(cv_temporal_bev_image, cv2.COLOR_BGR2GRAY)
cv2.error: OpenCV(4.2.0) ../modules/imgproc/src/color.simd_helpers.hpp:92: error: (-2:Unspecified error) in function 'cv::impl::{anonymous}::CvtHelper<VScn, VDcn, VDepth, sizePolicy>::CvtHelper(cv::InputArray, cv::OutputArray, int) [with VScn = cv::impl::{anonymous}::Set<3, 4>; VDcn = cv::impl::{anonymous}::Set<1>; VDepth = cv::impl::{anonymous}::Set<0, 2, 5>; cv::impl::{anonymous}::SizePolicy sizePolicy = cv::impl::<unnamed>::NONE; cv::InputArray = const cv::_InputArray&; cv::OutputArray = const cv::_OutputArray&]'
> Invalid number of channels in input image:
>     'VScn::contains(scn)'
> where
>     'scn' is 1


[rosout][ERROR] 2020-12-23 09:39:28,567: bad callback: <bound method ROSNode.temporal_bev_image_callback of <__main__.ROSNode object at 0x7f98409ec250>>
Traceback (most recent call last):
  File "/opt/ros/noetic/lib/python3/dist-packages/rospy/topics.py", line 750, in _invoke_callback
    cb(msg)
  File "./train.py", line 112, in temporal_bev_image_callback
    cv_temporal_bev_image = cv2.cvtColor(cv_temporal_bev_image, cv2.COLOR_BGR2GRAY)
cv2.error: OpenCV(4.2.0) ../modules/imgproc/src/color.simd_helpers.hpp:92: error: (-2:Unspecified error) in function 'cv::impl::{anonymous}::CvtHelper<VScn, VDcn, VDepth, sizePolicy>::CvtHelper(cv::InputArray, cv::OutputArray, int) [with VScn = cv::impl::{anonymous}::Set<3, 4>; VDcn = cv::impl::{anonymous}::Set<1>; VDepth = cv::impl::{anonymous}::Set<0, 2, 5>; cv::impl::{anonymous}::SizePolicy sizePolicy = cv::impl::<unnamed>::NONE; cv::InputArray = const cv::_InputArray&; cv::OutputArray = const cv::_OutputArray&]'
> Invalid number of channels in input image:
>     'VScn::contains(scn)'
> where
>     'scn' is 1


[rosout][ERROR] 2020-12-23 09:39:28,793: bad callback: <bound method ROSNode.temporal_bev_image_callback of <__main__.ROSNode object at 0x7f98409ec250>>
Traceback (most recent call last):
  File "/opt/ros/noetic/lib/python3/dist-packages/rospy/topics.py", line 750, in _invoke_callback
    cb(msg)
  File "./train.py", line 112, in temporal_bev_image_callback
    cv_temporal_bev_image = cv2.cvtColor(cv_temporal_bev_image, cv2.COLOR_BGR2GRAY)
cv2.error: OpenCV(4.2.0) ../modules/imgproc/src/color.simd_helpers.hpp:92: error: (-2:Unspecified error) in function 'cv::impl::{anonymous}::CvtHelper<VScn, VDcn, VDepth, sizePolicy>::CvtHelper(cv::InputArray, cv::OutputArray, int) [with VScn = cv::impl::{anonymous}::Set<3, 4>; VDcn = cv::impl::{anonymous}::Set<1>; VDepth = cv::impl::{anonymous}::Set<0, 2, 5>; cv::impl::{anonymous}::SizePolicy sizePolicy = cv::impl::<unnamed>::NONE; cv::InputArray = const cv::_InputArray&; cv::OutputArray = const cv::_OutputArray&]'
> Invalid number of channels in input image:
>     'VScn::contains(scn)'
> where
>     'scn' is 1


[rosout][ERROR] 2020-12-23 09:39:29,015: bad callback: <bound method ROSNode.temporal_bev_image_callback of <__main__.ROSNode object at 0x7f98409ec250>>
Traceback (most recent call last):
  File "/opt/ros/noetic/lib/python3/dist-packages/rospy/topics.py", line 750, in _invoke_callback
    cb(msg)
  File "./train.py", line 112, in temporal_bev_image_callback
    cv_temporal_bev_image = cv2.cvtColor(cv_temporal_bev_image, cv2.COLOR_BGR2GRAY)
cv2.error: OpenCV(4.2.0) ../modules/imgproc/src/color.simd_helpers.hpp:92: error: (-2:Unspecified error) in function 'cv::impl::{anonymous}::CvtHelper<VScn, VDcn, VDepth, sizePolicy>::CvtHelper(cv::InputArray, cv::OutputArray, int) [with VScn = cv::impl::{anonymous}::Set<3, 4>; VDcn = cv::impl::{anonymous}::Set<1>; VDepth = cv::impl::{anonymous}::Set<0, 2, 5>; cv::impl::{anonymous}::SizePolicy sizePolicy = cv::impl::<unnamed>::NONE; cv::InputArray = const cv::_InputArray&; cv::OutputArray = const cv::_OutputArray&]'
> Invalid number of channels in input image:
>     'VScn::contains(scn)'
> where
>     'scn' is 1


[rospy.core][INFO] 2020-12-23 09:39:29,212: signal_shutdown [signal-2]
[rospy.internal][INFO] 2020-12-23 09:39:29,217: topic[/rosout] removing connection to /rosout
[rospy.internal][INFO] 2020-12-23 09:39:29,218: topic[/cmd_vel] removing connection to /gazebo
[rospy.internal][INFO] 2020-12-23 09:39:29,218: topic[/episode_watcher/is_finish_episode] removing connection to /episode_manager
[rospy.internal][INFO] 2020-12-23 09:39:29,219: topic[/bev/temporal_bev_image] removing connection to http://192.168.0.201:38273/
[rospy.internal][INFO] 2020-12-23 09:39:29,219: topic[/odom] removing connection to http://192.168.0.201:39961/
[rospy.internal][INFO] 2020-12-23 09:39:29,220: topic[/start_goal_points] removing connection to http://192.168.0.201:33305/
[rospy.internal][INFO] 2020-12-23 09:39:29,220: topic[/scan] removing connection to http://192.168.0.201:39961/
[rospy.internal][WARNING] 2020-12-23 09:39:29,221: Unknown error initiating TCP/IP socket to 192.168.0.201:50065 (http://192.168.0.201:38273/): Traceback (most recent call last):
  File "/opt/ros/noetic/lib/python3/dist-packages/rospy/impl/tcpros_base.py", line 562, in connect
    self.read_header()
  File "/opt/ros/noetic/lib/python3/dist-packages/rospy/impl/tcpros_base.py", line 657, in read_header
    self._validate_header(read_ros_handshake_header(sock, self.read_buff, self.protocol.buff_size))
AttributeError: 'NoneType' object has no attribute 'buff_size'

[rospy.internal][INFO] 2020-12-23 09:39:29,222: topic[/scan] removing connection to http://192.168.0.201:41653/
[rospy.internal][INFO] 2020-12-23 09:39:29,222: topic[/is_start_episode] removing connection to http://192.168.0.201:38289/
[rospy.impl.masterslave][INFO] 2020-12-23 09:39:29,223: signal-2
[rospy.internal][WARNING] 2020-12-23 09:39:29,223: Unknown error initiating TCP/IP socket to 192.168.0.201:53267 (http://192.168.0.201:41653/): Traceback (most recent call last):
  File "/opt/ros/noetic/lib/python3/dist-packages/rospy/impl/tcpros_base.py", line 562, in connect
    self.read_header()
  File "/opt/ros/noetic/lib/python3/dist-packages/rospy/impl/tcpros_base.py", line 657, in read_header
    self._validate_header(read_ros_handshake_header(sock, self.read_buff, self.protocol.buff_size))
AttributeError: 'NoneType' object has no attribute 'buff_size'

[rospy.core][INFO] 2020-12-23 09:39:29,713: signal_shutdown [signal-2]
[rospy.core][INFO] 2020-12-23 09:39:29,745: signal_shutdown [signal-2]
[rospy.core][INFO] 2020-12-23 09:39:29,775: signal_shutdown [signal-2]
[rospy.core][INFO] 2020-12-23 09:39:29,806: signal_shutdown [signal-2]
[rospy.core][INFO] 2020-12-23 09:39:29,839: signal_shutdown [signal-2]
[rospy.core][INFO] 2020-12-23 09:39:29,880: signal_shutdown [signal-2]
[rospy.core][INFO] 2020-12-23 09:39:29,885: signal_shutdown [atexit]
