[rospy.client][INFO] 2020-12-07 09:29:05,291: init_node, name[/train_431_1607333345259], pid[431]
[xmlrpc][INFO] 2020-12-07 09:29:05,292: XML-RPC server binding to 0.0.0.0:0
[xmlrpc][INFO] 2020-12-07 09:29:05,292: Started XML-RPC server [http://192.168.0.191:34139/]
[rospy.init][INFO] 2020-12-07 09:29:05,293: ROS Slave URI: [http://192.168.0.191:34139/]
[rospy.impl.masterslave][INFO] 2020-12-07 09:29:05,293: _ready: http://192.168.0.191:34139/
[rospy.registration][INFO] 2020-12-07 09:29:05,294: Registering with master node http://192.168.0.201:11311
[xmlrpc][INFO] 2020-12-07 09:29:05,294: xml rpc node: starting XML-RPC server
[rospy.init][INFO] 2020-12-07 09:29:05,393: registered with master
[rospy.rosout][INFO] 2020-12-07 09:29:05,393: initializing /rosout core topic
[rospy.rosout][INFO] 2020-12-07 09:29:05,400: connected to core topic /rosout
[rospy.simtime][INFO] 2020-12-07 09:29:05,401: /use_sim_time is not set, will not subscribe to simulated time [/clock] topic
[rospy.internal][INFO] 2020-12-07 09:29:05,414: topic[/bev/flow_array_x] adding connection to [http://192.168.0.201:36049/], count 0
[rospy.internal][INFO] 2020-12-07 09:29:05,418: topic[/bev/raycast_image] adding connection to [http://192.168.0.201:37487/], count 0
[rospy.internal][INFO] 2020-12-07 09:29:05,424: topic[/odom] adding connection to [http://192.168.0.201:33281/], count 0
[rospy.internal][INFO] 2020-12-07 09:29:05,428: topic[/start_goal_points] adding connection to [http://192.168.0.201:39321/], count 0
[rosout][ERROR] 2020-12-07 09:29:05,429: bad callback: <bound method ROSNode.occupancy_image_callback of <__main__.ROSNode object at 0x7f8a7dbf8070>>
Traceback (most recent call last):
  File "/opt/ros/noetic/lib/python3/dist-packages/rospy/topics.py", line 750, in _invoke_callback
    cb(msg)
  File "./train.py", line 116, in occupancy_image_callback
    cv_occupancy_image = self.bridge.imgmsg_to_cv2(msg, desired_encoding='passthrough')
AttributeError: 'ROSNode' object has no attribute 'bridge'

[rospy.internal][INFO] 2020-12-07 09:29:05,436: topic[/scan] adding connection to [http://192.168.0.201:33281/], count 0
[rospy.internal][INFO] 2020-12-07 09:29:05,438: topic[/scan] adding connection to [http://192.168.0.201:45983/], count 1
[rospy.internal][INFO] 2020-12-07 09:29:05,443: topic[/is_start_episode] adding connection to [http://192.168.0.201:44577/], count 0
[rospy.internal][INFO] 2020-12-07 09:29:05,447: topic[/bev/flow_array_y] adding connection to [http://192.168.0.201:36049/], count 0
[rospy.internal][ERROR] 2020-12-07 09:29:05,452: Unable to initiate TCP/IP socket to 192.168.0.201:44725 (http://192.168.0.201:36049/): Traceback (most recent call last):
  File "/opt/ros/noetic/lib/python3/dist-packages/rospy/impl/tcpros_base.py", line 562, in connect
    self.read_header()
  File "/opt/ros/noetic/lib/python3/dist-packages/rospy/impl/tcpros_base.py", line 657, in read_header
    self._validate_header(read_ros_handshake_header(sock, self.read_buff, self.protocol.buff_size))
  File "/opt/ros/noetic/lib/python3/dist-packages/rospy/impl/tcpros_base.py", line 600, in _validate_header
    raise TransportInitError("remote error reported: %s"%header['error'])
rospy.exceptions.TransportInitError: remote error reported: Client [/train_431_1607333345259] wants topic /bev/flow_array_y to have datatype/md5sum [sensor_msgs/Image/060021388200f6f0f447d0fcd9c64743], but our version has [std_msgs/Float32MultiArray/6a40e0ffa6a17a503ac3f8616991b1f6]. Dropping connection.

[rospy.internal][ERROR] 2020-12-07 09:29:05,452: unable to create subscriber transport: remote error reported: Client [/train_431_1607333345259] wants topic /bev/flow_array_y to have datatype/md5sum [sensor_msgs/Image/060021388200f6f0f447d0fcd9c64743], but our version has [std_msgs/Float32MultiArray/6a40e0ffa6a17a503ac3f8616991b1f6]. Dropping connection..  Will try again in 0.5s
[rosout][ERROR] 2020-12-07 09:29:05,462: bad callback: <bound method ROSNode.flow_x_callback of <__main__.ROSNode object at 0x7f8a7dbf8070>>
Traceback (most recent call last):
  File "/opt/ros/noetic/lib/python3/dist-packages/rospy/topics.py", line 750, in _invoke_callback
    cb(msg)
  File "./train.py", line 149, in flow_x_callback
    flow_x[row][col] = msg.data[i]
NameError: name 'flow_x' is not defined

[rospy.internal][INFO] 2020-12-07 09:29:05,587: topic[/cmd_vel] adding connection to [/gazebo], count 0
[rospy.internal][INFO] 2020-12-07 09:29:05,588: topic[/episode_watcher/is_finish_episode] adding connection to [/episode_manager], count 0
[rosout][ERROR] 2020-12-07 09:29:05,672: bad callback: <bound method ROSNode.flow_x_callback of <__main__.ROSNode object at 0x7f8a7dbf8070>>
Traceback (most recent call last):
  File "/opt/ros/noetic/lib/python3/dist-packages/rospy/topics.py", line 750, in _invoke_callback
    cb(msg)
  File "./train.py", line 149, in flow_x_callback
    flow_x[row][col] = msg.data[i]
NameError: name 'flow_x' is not defined

[rospy.internal][INFO] 2020-12-07 09:29:05,686: topic[/rosout] adding connection to [/rosout], count 0
[rosout][ERROR] 2020-12-07 09:29:05,883: bad callback: <bound method ROSNode.flow_x_callback of <__main__.ROSNode object at 0x7f8a7dbf8070>>
Traceback (most recent call last):
  File "/opt/ros/noetic/lib/python3/dist-packages/rospy/topics.py", line 750, in _invoke_callback
    cb(msg)
  File "./train.py", line 149, in flow_x_callback
    flow_x[row][col] = msg.data[i]
NameError: name 'flow_x' is not defined

[rosout][ERROR] 2020-12-07 09:29:06,122: bad callback: <bound method ROSNode.flow_x_callback of <__main__.ROSNode object at 0x7f8a7dbf8070>>
Traceback (most recent call last):
  File "/opt/ros/noetic/lib/python3/dist-packages/rospy/topics.py", line 750, in _invoke_callback
    cb(msg)
  File "./train.py", line 149, in flow_x_callback
    flow_x[row][col] = msg.data[i]
NameError: name 'flow_x' is not defined

[rosout][ERROR] 2020-12-07 09:29:06,312: bad callback: <bound method ROSNode.flow_x_callback of <__main__.ROSNode object at 0x7f8a7dbf8070>>
Traceback (most recent call last):
  File "/opt/ros/noetic/lib/python3/dist-packages/rospy/topics.py", line 750, in _invoke_callback
    cb(msg)
  File "./train.py", line 149, in flow_x_callback
    flow_x[row][col] = msg.data[i]
NameError: name 'flow_x' is not defined

[rospy.internal][ERROR] 2020-12-07 09:29:06,456: Unable to initiate TCP/IP socket to 192.168.0.201:44725 (http://192.168.0.201:36049/): Traceback (most recent call last):
  File "/opt/ros/noetic/lib/python3/dist-packages/rospy/impl/tcpros_base.py", line 562, in connect
    self.read_header()
  File "/opt/ros/noetic/lib/python3/dist-packages/rospy/impl/tcpros_base.py", line 657, in read_header
    self._validate_header(read_ros_handshake_header(sock, self.read_buff, self.protocol.buff_size))
  File "/opt/ros/noetic/lib/python3/dist-packages/rospy/impl/tcpros_base.py", line 600, in _validate_header
    raise TransportInitError("remote error reported: %s"%header['error'])
rospy.exceptions.TransportInitError: remote error reported: Client [/train_431_1607333345259] wants topic /bev/flow_array_y to have datatype/md5sum [sensor_msgs/Image/060021388200f6f0f447d0fcd9c64743], but our version has [std_msgs/Float32MultiArray/6a40e0ffa6a17a503ac3f8616991b1f6]. Dropping connection.

[rosout][ERROR] 2020-12-07 09:29:06,512: bad callback: <bound method ROSNode.flow_x_callback of <__main__.ROSNode object at 0x7f8a7dbf8070>>
Traceback (most recent call last):
  File "/opt/ros/noetic/lib/python3/dist-packages/rospy/topics.py", line 750, in _invoke_callback
    cb(msg)
  File "./train.py", line 149, in flow_x_callback
    flow_x[row][col] = msg.data[i]
NameError: name 'flow_x' is not defined

[rosout][ERROR] 2020-12-07 09:29:06,712: bad callback: <bound method ROSNode.flow_x_callback of <__main__.ROSNode object at 0x7f8a7dbf8070>>
Traceback (most recent call last):
  File "/opt/ros/noetic/lib/python3/dist-packages/rospy/topics.py", line 750, in _invoke_callback
    cb(msg)
  File "./train.py", line 149, in flow_x_callback
    flow_x[row][col] = msg.data[i]
NameError: name 'flow_x' is not defined

[rosout][ERROR] 2020-12-07 09:29:06,922: bad callback: <bound method ROSNode.flow_x_callback of <__main__.ROSNode object at 0x7f8a7dbf8070>>
Traceback (most recent call last):
  File "/opt/ros/noetic/lib/python3/dist-packages/rospy/topics.py", line 750, in _invoke_callback
    cb(msg)
  File "./train.py", line 149, in flow_x_callback
    flow_x[row][col] = msg.data[i]
NameError: name 'flow_x' is not defined

[rosout][ERROR] 2020-12-07 09:29:07,162: bad callback: <bound method ROSNode.flow_x_callback of <__main__.ROSNode object at 0x7f8a7dbf8070>>
Traceback (most recent call last):
  File "/opt/ros/noetic/lib/python3/dist-packages/rospy/topics.py", line 750, in _invoke_callback
    cb(msg)
  File "./train.py", line 149, in flow_x_callback
    flow_x[row][col] = msg.data[i]
NameError: name 'flow_x' is not defined

[rosout][ERROR] 2020-12-07 09:29:07,352: bad callback: <bound method ROSNode.flow_x_callback of <__main__.ROSNode object at 0x7f8a7dbf8070>>
Traceback (most recent call last):
  File "/opt/ros/noetic/lib/python3/dist-packages/rospy/topics.py", line 750, in _invoke_callback
    cb(msg)
  File "./train.py", line 149, in flow_x_callback
    flow_x[row][col] = msg.data[i]
NameError: name 'flow_x' is not defined

[rospy.internal][ERROR] 2020-12-07 09:29:07,459: Unable to initiate TCP/IP socket to 192.168.0.201:44725 (http://192.168.0.201:36049/): Traceback (most recent call last):
  File "/opt/ros/noetic/lib/python3/dist-packages/rospy/impl/tcpros_base.py", line 562, in connect
    self.read_header()
  File "/opt/ros/noetic/lib/python3/dist-packages/rospy/impl/tcpros_base.py", line 657, in read_header
    self._validate_header(read_ros_handshake_header(sock, self.read_buff, self.protocol.buff_size))
  File "/opt/ros/noetic/lib/python3/dist-packages/rospy/impl/tcpros_base.py", line 600, in _validate_header
    raise TransportInitError("remote error reported: %s"%header['error'])
rospy.exceptions.TransportInitError: remote error reported: Client [/train_431_1607333345259] wants topic /bev/flow_array_y to have datatype/md5sum [sensor_msgs/Image/060021388200f6f0f447d0fcd9c64743], but our version has [std_msgs/Float32MultiArray/6a40e0ffa6a17a503ac3f8616991b1f6]. Dropping connection.

[rosout][ERROR] 2020-12-07 09:29:07,564: bad callback: <bound method ROSNode.flow_x_callback of <__main__.ROSNode object at 0x7f8a7dbf8070>>
Traceback (most recent call last):
  File "/opt/ros/noetic/lib/python3/dist-packages/rospy/topics.py", line 750, in _invoke_callback
    cb(msg)
  File "./train.py", line 149, in flow_x_callback
    flow_x[row][col] = msg.data[i]
NameError: name 'flow_x' is not defined

[rosout][ERROR] 2020-12-07 09:29:07,742: bad callback: <bound method ROSNode.flow_x_callback of <__main__.ROSNode object at 0x7f8a7dbf8070>>
Traceback (most recent call last):
  File "/opt/ros/noetic/lib/python3/dist-packages/rospy/topics.py", line 750, in _invoke_callback
    cb(msg)
  File "./train.py", line 149, in flow_x_callback
    flow_x[row][col] = msg.data[i]
NameError: name 'flow_x' is not defined

[rosout][ERROR] 2020-12-07 09:29:07,962: bad callback: <bound method ROSNode.flow_x_callback of <__main__.ROSNode object at 0x7f8a7dbf8070>>
Traceback (most recent call last):
  File "/opt/ros/noetic/lib/python3/dist-packages/rospy/topics.py", line 750, in _invoke_callback
    cb(msg)
  File "./train.py", line 149, in flow_x_callback
    flow_x[row][col] = msg.data[i]
NameError: name 'flow_x' is not defined

[rosout][ERROR] 2020-12-07 09:29:08,202: bad callback: <bound method ROSNode.flow_x_callback of <__main__.ROSNode object at 0x7f8a7dbf8070>>
Traceback (most recent call last):
  File "/opt/ros/noetic/lib/python3/dist-packages/rospy/topics.py", line 750, in _invoke_callback
    cb(msg)
  File "./train.py", line 149, in flow_x_callback
    flow_x[row][col] = msg.data[i]
NameError: name 'flow_x' is not defined

[rosout][ERROR] 2020-12-07 09:29:08,392: bad callback: <bound method ROSNode.flow_x_callback of <__main__.ROSNode object at 0x7f8a7dbf8070>>
Traceback (most recent call last):
  File "/opt/ros/noetic/lib/python3/dist-packages/rospy/topics.py", line 750, in _invoke_callback
    cb(msg)
  File "./train.py", line 149, in flow_x_callback
    flow_x[row][col] = msg.data[i]
NameError: name 'flow_x' is not defined

[rosout][ERROR] 2020-12-07 09:29:08,592: bad callback: <bound method ROSNode.flow_x_callback of <__main__.ROSNode object at 0x7f8a7dbf8070>>
Traceback (most recent call last):
  File "/opt/ros/noetic/lib/python3/dist-packages/rospy/topics.py", line 750, in _invoke_callback
    cb(msg)
  File "./train.py", line 149, in flow_x_callback
    flow_x[row][col] = msg.data[i]
NameError: name 'flow_x' is not defined

[rosout][ERROR] 2020-12-07 09:29:08,792: bad callback: <bound method ROSNode.flow_x_callback of <__main__.ROSNode object at 0x7f8a7dbf8070>>
Traceback (most recent call last):
  File "/opt/ros/noetic/lib/python3/dist-packages/rospy/topics.py", line 750, in _invoke_callback
    cb(msg)
  File "./train.py", line 149, in flow_x_callback
    flow_x[row][col] = msg.data[i]
NameError: name 'flow_x' is not defined

[rosout][ERROR] 2020-12-07 09:29:08,992: bad callback: <bound method ROSNode.flow_x_callback of <__main__.ROSNode object at 0x7f8a7dbf8070>>
Traceback (most recent call last):
  File "/opt/ros/noetic/lib/python3/dist-packages/rospy/topics.py", line 750, in _invoke_callback
    cb(msg)
  File "./train.py", line 149, in flow_x_callback
    flow_x[row][col] = msg.data[i]
NameError: name 'flow_x' is not defined

[rosout][ERROR] 2020-12-07 09:29:09,212: bad callback: <bound method ROSNode.flow_x_callback of <__main__.ROSNode object at 0x7f8a7dbf8070>>
Traceback (most recent call last):
  File "/opt/ros/noetic/lib/python3/dist-packages/rospy/topics.py", line 750, in _invoke_callback
    cb(msg)
  File "./train.py", line 149, in flow_x_callback
    flow_x[row][col] = msg.data[i]
NameError: name 'flow_x' is not defined

[rosout][ERROR] 2020-12-07 09:29:09,452: bad callback: <bound method ROSNode.flow_x_callback of <__main__.ROSNode object at 0x7f8a7dbf8070>>
Traceback (most recent call last):
  File "/opt/ros/noetic/lib/python3/dist-packages/rospy/topics.py", line 750, in _invoke_callback
    cb(msg)
  File "./train.py", line 149, in flow_x_callback
    flow_x[row][col] = msg.data[i]
NameError: name 'flow_x' is not defined

[rospy.internal][ERROR] 2020-12-07 09:29:09,463: Unable to initiate TCP/IP socket to 192.168.0.201:44725 (http://192.168.0.201:36049/): Traceback (most recent call last):
  File "/opt/ros/noetic/lib/python3/dist-packages/rospy/impl/tcpros_base.py", line 562, in connect
    self.read_header()
  File "/opt/ros/noetic/lib/python3/dist-packages/rospy/impl/tcpros_base.py", line 657, in read_header
    self._validate_header(read_ros_handshake_header(sock, self.read_buff, self.protocol.buff_size))
  File "/opt/ros/noetic/lib/python3/dist-packages/rospy/impl/tcpros_base.py", line 600, in _validate_header
    raise TransportInitError("remote error reported: %s"%header['error'])
rospy.exceptions.TransportInitError: remote error reported: Client [/train_431_1607333345259] wants topic /bev/flow_array_y to have datatype/md5sum [sensor_msgs/Image/060021388200f6f0f447d0fcd9c64743], but our version has [std_msgs/Float32MultiArray/6a40e0ffa6a17a503ac3f8616991b1f6]. Dropping connection.

[rosout][ERROR] 2020-12-07 09:29:09,642: bad callback: <bound method ROSNode.flow_x_callback of <__main__.ROSNode object at 0x7f8a7dbf8070>>
Traceback (most recent call last):
  File "/opt/ros/noetic/lib/python3/dist-packages/rospy/topics.py", line 750, in _invoke_callback
    cb(msg)
  File "./train.py", line 149, in flow_x_callback
    flow_x[row][col] = msg.data[i]
NameError: name 'flow_x' is not defined

[rosout][ERROR] 2020-12-07 09:29:09,822: bad callback: <bound method ROSNode.flow_x_callback of <__main__.ROSNode object at 0x7f8a7dbf8070>>
Traceback (most recent call last):
  File "/opt/ros/noetic/lib/python3/dist-packages/rospy/topics.py", line 750, in _invoke_callback
    cb(msg)
  File "./train.py", line 149, in flow_x_callback
    flow_x[row][col] = msg.data[i]
NameError: name 'flow_x' is not defined

[rosout][ERROR] 2020-12-07 09:29:10,042: bad callback: <bound method ROSNode.flow_x_callback of <__main__.ROSNode object at 0x7f8a7dbf8070>>
Traceback (most recent call last):
  File "/opt/ros/noetic/lib/python3/dist-packages/rospy/topics.py", line 750, in _invoke_callback
    cb(msg)
  File "./train.py", line 149, in flow_x_callback
    flow_x[row][col] = msg.data[i]
NameError: name 'flow_x' is not defined

[rosout][ERROR] 2020-12-07 09:29:10,242: bad callback: <bound method ROSNode.flow_x_callback of <__main__.ROSNode object at 0x7f8a7dbf8070>>
Traceback (most recent call last):
  File "/opt/ros/noetic/lib/python3/dist-packages/rospy/topics.py", line 750, in _invoke_callback
    cb(msg)
  File "./train.py", line 149, in flow_x_callback
    flow_x[row][col] = msg.data[i]
NameError: name 'flow_x' is not defined

[rosout][ERROR] 2020-12-07 09:29:10,482: bad callback: <bound method ROSNode.flow_x_callback of <__main__.ROSNode object at 0x7f8a7dbf8070>>
Traceback (most recent call last):
  File "/opt/ros/noetic/lib/python3/dist-packages/rospy/topics.py", line 750, in _invoke_callback
    cb(msg)
  File "./train.py", line 149, in flow_x_callback
    flow_x[row][col] = msg.data[i]
NameError: name 'flow_x' is not defined

[rosout][ERROR] 2020-12-07 09:29:10,682: bad callback: <bound method ROSNode.flow_x_callback of <__main__.ROSNode object at 0x7f8a7dbf8070>>
Traceback (most recent call last):
  File "/opt/ros/noetic/lib/python3/dist-packages/rospy/topics.py", line 750, in _invoke_callback
    cb(msg)
  File "./train.py", line 149, in flow_x_callback
    flow_x[row][col] = msg.data[i]
NameError: name 'flow_x' is not defined

[rosout][ERROR] 2020-12-07 09:29:10,862: bad callback: <bound method ROSNode.flow_x_callback of <__main__.ROSNode object at 0x7f8a7dbf8070>>
Traceback (most recent call last):
  File "/opt/ros/noetic/lib/python3/dist-packages/rospy/topics.py", line 750, in _invoke_callback
    cb(msg)
  File "./train.py", line 149, in flow_x_callback
    flow_x[row][col] = msg.data[i]
NameError: name 'flow_x' is not defined

[rosout][ERROR] 2020-12-07 09:29:11,082: bad callback: <bound method ROSNode.flow_x_callback of <__main__.ROSNode object at 0x7f8a7dbf8070>>
Traceback (most recent call last):
  File "/opt/ros/noetic/lib/python3/dist-packages/rospy/topics.py", line 750, in _invoke_callback
    cb(msg)
  File "./train.py", line 149, in flow_x_callback
    flow_x[row][col] = msg.data[i]
NameError: name 'flow_x' is not defined

[rosout][ERROR] 2020-12-07 09:29:11,282: bad callback: <bound method ROSNode.flow_x_callback of <__main__.ROSNode object at 0x7f8a7dbf8070>>
Traceback (most recent call last):
  File "/opt/ros/noetic/lib/python3/dist-packages/rospy/topics.py", line 750, in _invoke_callback
    cb(msg)
  File "./train.py", line 149, in flow_x_callback
    flow_x[row][col] = msg.data[i]
NameError: name 'flow_x' is not defined

[rosout][ERROR] 2020-12-07 09:29:11,532: bad callback: <bound method ROSNode.flow_x_callback of <__main__.ROSNode object at 0x7f8a7dbf8070>>
Traceback (most recent call last):
  File "/opt/ros/noetic/lib/python3/dist-packages/rospy/topics.py", line 750, in _invoke_callback
    cb(msg)
  File "./train.py", line 149, in flow_x_callback
    flow_x[row][col] = msg.data[i]
NameError: name 'flow_x' is not defined

[rosout][ERROR] 2020-12-07 09:29:11,722: bad callback: <bound method ROSNode.flow_x_callback of <__main__.ROSNode object at 0x7f8a7dbf8070>>
Traceback (most recent call last):
  File "/opt/ros/noetic/lib/python3/dist-packages/rospy/topics.py", line 750, in _invoke_callback
    cb(msg)
  File "./train.py", line 149, in flow_x_callback
    flow_x[row][col] = msg.data[i]
NameError: name 'flow_x' is not defined

[rosout][ERROR] 2020-12-07 09:29:11,902: bad callback: <bound method ROSNode.flow_x_callback of <__main__.ROSNode object at 0x7f8a7dbf8070>>
Traceback (most recent call last):
  File "/opt/ros/noetic/lib/python3/dist-packages/rospy/topics.py", line 750, in _invoke_callback
    cb(msg)
  File "./train.py", line 149, in flow_x_callback
    flow_x[row][col] = msg.data[i]
NameError: name 'flow_x' is not defined

[rosout][ERROR] 2020-12-07 09:29:12,113: bad callback: <bound method ROSNode.flow_x_callback of <__main__.ROSNode object at 0x7f8a7dbf8070>>
Traceback (most recent call last):
  File "/opt/ros/noetic/lib/python3/dist-packages/rospy/topics.py", line 750, in _invoke_callback
    cb(msg)
  File "./train.py", line 149, in flow_x_callback
    flow_x[row][col] = msg.data[i]
NameError: name 'flow_x' is not defined

[rosout][ERROR] 2020-12-07 09:29:12,332: bad callback: <bound method ROSNode.flow_x_callback of <__main__.ROSNode object at 0x7f8a7dbf8070>>
Traceback (most recent call last):
  File "/opt/ros/noetic/lib/python3/dist-packages/rospy/topics.py", line 750, in _invoke_callback
    cb(msg)
  File "./train.py", line 149, in flow_x_callback
    flow_x[row][col] = msg.data[i]
NameError: name 'flow_x' is not defined

[rosout][ERROR] 2020-12-07 09:29:12,532: bad callback: <bound method ROSNode.flow_x_callback of <__main__.ROSNode object at 0x7f8a7dbf8070>>
Traceback (most recent call last):
  File "/opt/ros/noetic/lib/python3/dist-packages/rospy/topics.py", line 750, in _invoke_callback
    cb(msg)
  File "./train.py", line 149, in flow_x_callback
    flow_x[row][col] = msg.data[i]
NameError: name 'flow_x' is not defined

[rosout][ERROR] 2020-12-07 09:29:12,772: bad callback: <bound method ROSNode.flow_x_callback of <__main__.ROSNode object at 0x7f8a7dbf8070>>
Traceback (most recent call last):
  File "/opt/ros/noetic/lib/python3/dist-packages/rospy/topics.py", line 750, in _invoke_callback
    cb(msg)
  File "./train.py", line 149, in flow_x_callback
    flow_x[row][col] = msg.data[i]
NameError: name 'flow_x' is not defined

[rosout][ERROR] 2020-12-07 09:29:12,972: bad callback: <bound method ROSNode.flow_x_callback of <__main__.ROSNode object at 0x7f8a7dbf8070>>
Traceback (most recent call last):
  File "/opt/ros/noetic/lib/python3/dist-packages/rospy/topics.py", line 750, in _invoke_callback
    cb(msg)
  File "./train.py", line 149, in flow_x_callback
    flow_x[row][col] = msg.data[i]
NameError: name 'flow_x' is not defined

[rosout][ERROR] 2020-12-07 09:29:13,162: bad callback: <bound method ROSNode.flow_x_callback of <__main__.ROSNode object at 0x7f8a7dbf8070>>
Traceback (most recent call last):
  File "/opt/ros/noetic/lib/python3/dist-packages/rospy/topics.py", line 750, in _invoke_callback
    cb(msg)
  File "./train.py", line 149, in flow_x_callback
    flow_x[row][col] = msg.data[i]
NameError: name 'flow_x' is not defined

[rosout][ERROR] 2020-12-07 09:29:13,382: bad callback: <bound method ROSNode.flow_x_callback of <__main__.ROSNode object at 0x7f8a7dbf8070>>
Traceback (most recent call last):
  File "/opt/ros/noetic/lib/python3/dist-packages/rospy/topics.py", line 750, in _invoke_callback
    cb(msg)
  File "./train.py", line 149, in flow_x_callback
    flow_x[row][col] = msg.data[i]
NameError: name 'flow_x' is not defined

[rospy.internal][ERROR] 2020-12-07 09:29:13,469: Unable to initiate TCP/IP socket to 192.168.0.201:44725 (http://192.168.0.201:36049/): Traceback (most recent call last):
  File "/opt/ros/noetic/lib/python3/dist-packages/rospy/impl/tcpros_base.py", line 562, in connect
    self.read_header()
  File "/opt/ros/noetic/lib/python3/dist-packages/rospy/impl/tcpros_base.py", line 657, in read_header
    self._validate_header(read_ros_handshake_header(sock, self.read_buff, self.protocol.buff_size))
  File "/opt/ros/noetic/lib/python3/dist-packages/rospy/impl/tcpros_base.py", line 600, in _validate_header
    raise TransportInitError("remote error reported: %s"%header['error'])
rospy.exceptions.TransportInitError: remote error reported: Client [/train_431_1607333345259] wants topic /bev/flow_array_y to have datatype/md5sum [sensor_msgs/Image/060021388200f6f0f447d0fcd9c64743], but our version has [std_msgs/Float32MultiArray/6a40e0ffa6a17a503ac3f8616991b1f6]. Dropping connection.

[rosout][ERROR] 2020-12-07 09:29:13,622: bad callback: <bound method ROSNode.flow_x_callback of <__main__.ROSNode object at 0x7f8a7dbf8070>>
Traceback (most recent call last):
  File "/opt/ros/noetic/lib/python3/dist-packages/rospy/topics.py", line 750, in _invoke_callback
    cb(msg)
  File "./train.py", line 149, in flow_x_callback
    flow_x[row][col] = msg.data[i]
NameError: name 'flow_x' is not defined

[rosout][ERROR] 2020-12-07 09:29:13,822: bad callback: <bound method ROSNode.flow_x_callback of <__main__.ROSNode object at 0x7f8a7dbf8070>>
Traceback (most recent call last):
  File "/opt/ros/noetic/lib/python3/dist-packages/rospy/topics.py", line 750, in _invoke_callback
    cb(msg)
  File "./train.py", line 149, in flow_x_callback
    flow_x[row][col] = msg.data[i]
NameError: name 'flow_x' is not defined

[rosout][ERROR] 2020-12-07 09:29:14,012: bad callback: <bound method ROSNode.flow_x_callback of <__main__.ROSNode object at 0x7f8a7dbf8070>>
Traceback (most recent call last):
  File "/opt/ros/noetic/lib/python3/dist-packages/rospy/topics.py", line 750, in _invoke_callback
    cb(msg)
  File "./train.py", line 149, in flow_x_callback
    flow_x[row][col] = msg.data[i]
NameError: name 'flow_x' is not defined

[rosout][ERROR] 2020-12-07 09:29:14,222: bad callback: <bound method ROSNode.flow_x_callback of <__main__.ROSNode object at 0x7f8a7dbf8070>>
Traceback (most recent call last):
  File "/opt/ros/noetic/lib/python3/dist-packages/rospy/topics.py", line 750, in _invoke_callback
    cb(msg)
  File "./train.py", line 149, in flow_x_callback
    flow_x[row][col] = msg.data[i]
NameError: name 'flow_x' is not defined

[rosout][ERROR] 2020-12-07 09:29:14,442: bad callback: <bound method ROSNode.flow_x_callback of <__main__.ROSNode object at 0x7f8a7dbf8070>>
Traceback (most recent call last):
  File "/opt/ros/noetic/lib/python3/dist-packages/rospy/topics.py", line 750, in _invoke_callback
    cb(msg)
  File "./train.py", line 149, in flow_x_callback
    flow_x[row][col] = msg.data[i]
NameError: name 'flow_x' is not defined

[rosout][ERROR] 2020-12-07 09:29:14,682: bad callback: <bound method ROSNode.flow_x_callback of <__main__.ROSNode object at 0x7f8a7dbf8070>>
Traceback (most recent call last):
  File "/opt/ros/noetic/lib/python3/dist-packages/rospy/topics.py", line 750, in _invoke_callback
    cb(msg)
  File "./train.py", line 149, in flow_x_callback
    flow_x[row][col] = msg.data[i]
NameError: name 'flow_x' is not defined

[rosout][ERROR] 2020-12-07 09:29:14,862: bad callback: <bound method ROSNode.flow_x_callback of <__main__.ROSNode object at 0x7f8a7dbf8070>>
Traceback (most recent call last):
  File "/opt/ros/noetic/lib/python3/dist-packages/rospy/topics.py", line 750, in _invoke_callback
    cb(msg)
  File "./train.py", line 149, in flow_x_callback
    flow_x[row][col] = msg.data[i]
NameError: name 'flow_x' is not defined

[rosout][ERROR] 2020-12-07 09:29:15,062: bad callback: <bound method ROSNode.flow_x_callback of <__main__.ROSNode object at 0x7f8a7dbf8070>>
Traceback (most recent call last):
  File "/opt/ros/noetic/lib/python3/dist-packages/rospy/topics.py", line 750, in _invoke_callback
    cb(msg)
  File "./train.py", line 149, in flow_x_callback
    flow_x[row][col] = msg.data[i]
NameError: name 'flow_x' is not defined

[rosout][ERROR] 2020-12-07 09:29:15,262: bad callback: <bound method ROSNode.flow_x_callback of <__main__.ROSNode object at 0x7f8a7dbf8070>>
Traceback (most recent call last):
  File "/opt/ros/noetic/lib/python3/dist-packages/rospy/topics.py", line 750, in _invoke_callback
    cb(msg)
  File "./train.py", line 149, in flow_x_callback
    flow_x[row][col] = msg.data[i]
NameError: name 'flow_x' is not defined

[rosout][ERROR] 2020-12-07 09:29:15,462: bad callback: <bound method ROSNode.flow_x_callback of <__main__.ROSNode object at 0x7f8a7dbf8070>>
Traceback (most recent call last):
  File "/opt/ros/noetic/lib/python3/dist-packages/rospy/topics.py", line 750, in _invoke_callback
    cb(msg)
  File "./train.py", line 149, in flow_x_callback
    flow_x[row][col] = msg.data[i]
NameError: name 'flow_x' is not defined

[rosout][ERROR] 2020-12-07 09:29:15,672: bad callback: <bound method ROSNode.flow_x_callback of <__main__.ROSNode object at 0x7f8a7dbf8070>>
Traceback (most recent call last):
  File "/opt/ros/noetic/lib/python3/dist-packages/rospy/topics.py", line 750, in _invoke_callback
    cb(msg)
  File "./train.py", line 149, in flow_x_callback
    flow_x[row][col] = msg.data[i]
NameError: name 'flow_x' is not defined

[rosout][ERROR] 2020-12-07 09:29:15,892: bad callback: <bound method ROSNode.flow_x_callback of <__main__.ROSNode object at 0x7f8a7dbf8070>>
Traceback (most recent call last):
  File "/opt/ros/noetic/lib/python3/dist-packages/rospy/topics.py", line 750, in _invoke_callback
    cb(msg)
  File "./train.py", line 149, in flow_x_callback
    flow_x[row][col] = msg.data[i]
NameError: name 'flow_x' is not defined

[rosout][ERROR] 2020-12-07 09:29:16,082: bad callback: <bound method ROSNode.flow_x_callback of <__main__.ROSNode object at 0x7f8a7dbf8070>>
Traceback (most recent call last):
  File "/opt/ros/noetic/lib/python3/dist-packages/rospy/topics.py", line 750, in _invoke_callback
    cb(msg)
  File "./train.py", line 149, in flow_x_callback
    flow_x[row][col] = msg.data[i]
NameError: name 'flow_x' is not defined

[rosout][ERROR] 2020-12-07 09:29:16,322: bad callback: <bound method ROSNode.flow_x_callback of <__main__.ROSNode object at 0x7f8a7dbf8070>>
Traceback (most recent call last):
  File "/opt/ros/noetic/lib/python3/dist-packages/rospy/topics.py", line 750, in _invoke_callback
    cb(msg)
  File "./train.py", line 149, in flow_x_callback
    flow_x[row][col] = msg.data[i]
NameError: name 'flow_x' is not defined

[rosout][ERROR] 2020-12-07 09:29:16,522: bad callback: <bound method ROSNode.flow_x_callback of <__main__.ROSNode object at 0x7f8a7dbf8070>>
Traceback (most recent call last):
  File "/opt/ros/noetic/lib/python3/dist-packages/rospy/topics.py", line 750, in _invoke_callback
    cb(msg)
  File "./train.py", line 149, in flow_x_callback
    flow_x[row][col] = msg.data[i]
NameError: name 'flow_x' is not defined

[rosout][ERROR] 2020-12-07 09:29:16,722: bad callback: <bound method ROSNode.flow_x_callback of <__main__.ROSNode object at 0x7f8a7dbf8070>>
Traceback (most recent call last):
  File "/opt/ros/noetic/lib/python3/dist-packages/rospy/topics.py", line 750, in _invoke_callback
    cb(msg)
  File "./train.py", line 149, in flow_x_callback
    flow_x[row][col] = msg.data[i]
NameError: name 'flow_x' is not defined

[rosout][ERROR] 2020-12-07 09:29:16,922: bad callback: <bound method ROSNode.flow_x_callback of <__main__.ROSNode object at 0x7f8a7dbf8070>>
Traceback (most recent call last):
  File "/opt/ros/noetic/lib/python3/dist-packages/rospy/topics.py", line 750, in _invoke_callback
    cb(msg)
  File "./train.py", line 149, in flow_x_callback
    flow_x[row][col] = msg.data[i]
NameError: name 'flow_x' is not defined

[rosout][ERROR] 2020-12-07 09:29:17,122: bad callback: <bound method ROSNode.flow_x_callback of <__main__.ROSNode object at 0x7f8a7dbf8070>>
Traceback (most recent call last):
  File "/opt/ros/noetic/lib/python3/dist-packages/rospy/topics.py", line 750, in _invoke_callback
    cb(msg)
  File "./train.py", line 149, in flow_x_callback
    flow_x[row][col] = msg.data[i]
NameError: name 'flow_x' is not defined

[rosout][ERROR] 2020-12-07 09:29:17,342: bad callback: <bound method ROSNode.flow_x_callback of <__main__.ROSNode object at 0x7f8a7dbf8070>>
Traceback (most recent call last):
  File "/opt/ros/noetic/lib/python3/dist-packages/rospy/topics.py", line 750, in _invoke_callback
    cb(msg)
  File "./train.py", line 149, in flow_x_callback
    flow_x[row][col] = msg.data[i]
NameError: name 'flow_x' is not defined

[rosout][ERROR] 2020-12-07 09:29:17,582: bad callback: <bound method ROSNode.flow_x_callback of <__main__.ROSNode object at 0x7f8a7dbf8070>>
Traceback (most recent call last):
  File "/opt/ros/noetic/lib/python3/dist-packages/rospy/topics.py", line 750, in _invoke_callback
    cb(msg)
  File "./train.py", line 149, in flow_x_callback
    flow_x[row][col] = msg.data[i]
NameError: name 'flow_x' is not defined

[rosout][ERROR] 2020-12-07 09:29:17,772: bad callback: <bound method ROSNode.flow_x_callback of <__main__.ROSNode object at 0x7f8a7dbf8070>>
Traceback (most recent call last):
  File "/opt/ros/noetic/lib/python3/dist-packages/rospy/topics.py", line 750, in _invoke_callback
    cb(msg)
  File "./train.py", line 149, in flow_x_callback
    flow_x[row][col] = msg.data[i]
NameError: name 'flow_x' is not defined

[rosout][ERROR] 2020-12-07 09:29:17,962: bad callback: <bound method ROSNode.flow_x_callback of <__main__.ROSNode object at 0x7f8a7dbf8070>>
Traceback (most recent call last):
  File "/opt/ros/noetic/lib/python3/dist-packages/rospy/topics.py", line 750, in _invoke_callback
    cb(msg)
  File "./train.py", line 149, in flow_x_callback
    flow_x[row][col] = msg.data[i]
NameError: name 'flow_x' is not defined

[rosout][ERROR] 2020-12-07 09:29:18,162: bad callback: <bound method ROSNode.flow_x_callback of <__main__.ROSNode object at 0x7f8a7dbf8070>>
Traceback (most recent call last):
  File "/opt/ros/noetic/lib/python3/dist-packages/rospy/topics.py", line 750, in _invoke_callback
    cb(msg)
  File "./train.py", line 149, in flow_x_callback
    flow_x[row][col] = msg.data[i]
NameError: name 'flow_x' is not defined

[rosout][ERROR] 2020-12-07 09:29:18,382: bad callback: <bound method ROSNode.flow_x_callback of <__main__.ROSNode object at 0x7f8a7dbf8070>>
Traceback (most recent call last):
  File "/opt/ros/noetic/lib/python3/dist-packages/rospy/topics.py", line 750, in _invoke_callback
    cb(msg)
  File "./train.py", line 149, in flow_x_callback
    flow_x[row][col] = msg.data[i]
NameError: name 'flow_x' is not defined

[rosout][ERROR] 2020-12-07 09:29:18,582: bad callback: <bound method ROSNode.flow_x_callback of <__main__.ROSNode object at 0x7f8a7dbf8070>>
Traceback (most recent call last):
  File "/opt/ros/noetic/lib/python3/dist-packages/rospy/topics.py", line 750, in _invoke_callback
    cb(msg)
  File "./train.py", line 149, in flow_x_callback
    flow_x[row][col] = msg.data[i]
NameError: name 'flow_x' is not defined

[rosout][ERROR] 2020-12-07 09:29:18,822: bad callback: <bound method ROSNode.flow_x_callback of <__main__.ROSNode object at 0x7f8a7dbf8070>>
Traceback (most recent call last):
  File "/opt/ros/noetic/lib/python3/dist-packages/rospy/topics.py", line 750, in _invoke_callback
    cb(msg)
  File "./train.py", line 149, in flow_x_callback
    flow_x[row][col] = msg.data[i]
NameError: name 'flow_x' is not defined

[rosout][ERROR] 2020-12-07 09:29:19,013: bad callback: <bound method ROSNode.flow_x_callback of <__main__.ROSNode object at 0x7f8a7dbf8070>>
Traceback (most recent call last):
  File "/opt/ros/noetic/lib/python3/dist-packages/rospy/topics.py", line 750, in _invoke_callback
    cb(msg)
  File "./train.py", line 149, in flow_x_callback
    flow_x[row][col] = msg.data[i]
NameError: name 'flow_x' is not defined

[rosout][ERROR] 2020-12-07 09:29:19,202: bad callback: <bound method ROSNode.flow_x_callback of <__main__.ROSNode object at 0x7f8a7dbf8070>>
Traceback (most recent call last):
  File "/opt/ros/noetic/lib/python3/dist-packages/rospy/topics.py", line 750, in _invoke_callback
    cb(msg)
  File "./train.py", line 149, in flow_x_callback
    flow_x[row][col] = msg.data[i]
NameError: name 'flow_x' is not defined

[rosout][ERROR] 2020-12-07 09:29:19,412: bad callback: <bound method ROSNode.flow_x_callback of <__main__.ROSNode object at 0x7f8a7dbf8070>>
Traceback (most recent call last):
  File "/opt/ros/noetic/lib/python3/dist-packages/rospy/topics.py", line 750, in _invoke_callback
    cb(msg)
  File "./train.py", line 149, in flow_x_callback
    flow_x[row][col] = msg.data[i]
NameError: name 'flow_x' is not defined

[rosout][ERROR] 2020-12-07 09:29:19,622: bad callback: <bound method ROSNode.flow_x_callback of <__main__.ROSNode object at 0x7f8a7dbf8070>>
Traceback (most recent call last):
  File "/opt/ros/noetic/lib/python3/dist-packages/rospy/topics.py", line 750, in _invoke_callback
    cb(msg)
  File "./train.py", line 149, in flow_x_callback
    flow_x[row][col] = msg.data[i]
NameError: name 'flow_x' is not defined

[rosout][ERROR] 2020-12-07 09:29:19,872: bad callback: <bound method ROSNode.flow_x_callback of <__main__.ROSNode object at 0x7f8a7dbf8070>>
Traceback (most recent call last):
  File "/opt/ros/noetic/lib/python3/dist-packages/rospy/topics.py", line 750, in _invoke_callback
    cb(msg)
  File "./train.py", line 149, in flow_x_callback
    flow_x[row][col] = msg.data[i]
NameError: name 'flow_x' is not defined

[rosout][ERROR] 2020-12-07 09:29:20,062: bad callback: <bound method ROSNode.flow_x_callback of <__main__.ROSNode object at 0x7f8a7dbf8070>>
Traceback (most recent call last):
  File "/opt/ros/noetic/lib/python3/dist-packages/rospy/topics.py", line 750, in _invoke_callback
    cb(msg)
  File "./train.py", line 149, in flow_x_callback
    flow_x[row][col] = msg.data[i]
NameError: name 'flow_x' is not defined

[rosout][ERROR] 2020-12-07 09:29:20,252: bad callback: <bound method ROSNode.flow_x_callback of <__main__.ROSNode object at 0x7f8a7dbf8070>>
Traceback (most recent call last):
  File "/opt/ros/noetic/lib/python3/dist-packages/rospy/topics.py", line 750, in _invoke_callback
    cb(msg)
  File "./train.py", line 149, in flow_x_callback
    flow_x[row][col] = msg.data[i]
NameError: name 'flow_x' is not defined

[rosout][ERROR] 2020-12-07 09:29:20,452: bad callback: <bound method ROSNode.flow_x_callback of <__main__.ROSNode object at 0x7f8a7dbf8070>>
Traceback (most recent call last):
  File "/opt/ros/noetic/lib/python3/dist-packages/rospy/topics.py", line 750, in _invoke_callback
    cb(msg)
  File "./train.py", line 149, in flow_x_callback
    flow_x[row][col] = msg.data[i]
NameError: name 'flow_x' is not defined

[rosout][ERROR] 2020-12-07 09:29:20,652: bad callback: <bound method ROSNode.flow_x_callback of <__main__.ROSNode object at 0x7f8a7dbf8070>>
Traceback (most recent call last):
  File "/opt/ros/noetic/lib/python3/dist-packages/rospy/topics.py", line 750, in _invoke_callback
    cb(msg)
  File "./train.py", line 149, in flow_x_callback
    flow_x[row][col] = msg.data[i]
NameError: name 'flow_x' is not defined

[rosout][ERROR] 2020-12-07 09:29:20,882: bad callback: <bound method ROSNode.flow_x_callback of <__main__.ROSNode object at 0x7f8a7dbf8070>>
Traceback (most recent call last):
  File "/opt/ros/noetic/lib/python3/dist-packages/rospy/topics.py", line 750, in _invoke_callback
    cb(msg)
  File "./train.py", line 149, in flow_x_callback
    flow_x[row][col] = msg.data[i]
NameError: name 'flow_x' is not defined

[rosout][ERROR] 2020-12-07 09:29:21,072: bad callback: <bound method ROSNode.flow_x_callback of <__main__.ROSNode object at 0x7f8a7dbf8070>>
Traceback (most recent call last):
  File "/opt/ros/noetic/lib/python3/dist-packages/rospy/topics.py", line 750, in _invoke_callback
    cb(msg)
  File "./train.py", line 149, in flow_x_callback
    flow_x[row][col] = msg.data[i]
NameError: name 'flow_x' is not defined

[rosout][ERROR] 2020-12-07 09:29:21,312: bad callback: <bound method ROSNode.flow_x_callback of <__main__.ROSNode object at 0x7f8a7dbf8070>>
Traceback (most recent call last):
  File "/opt/ros/noetic/lib/python3/dist-packages/rospy/topics.py", line 750, in _invoke_callback
    cb(msg)
  File "./train.py", line 149, in flow_x_callback
    flow_x[row][col] = msg.data[i]
NameError: name 'flow_x' is not defined

[rospy.internal][ERROR] 2020-12-07 09:29:21,478: Unable to initiate TCP/IP socket to 192.168.0.201:44725 (http://192.168.0.201:36049/): Traceback (most recent call last):
  File "/opt/ros/noetic/lib/python3/dist-packages/rospy/impl/tcpros_base.py", line 562, in connect
    self.read_header()
  File "/opt/ros/noetic/lib/python3/dist-packages/rospy/impl/tcpros_base.py", line 657, in read_header
    self._validate_header(read_ros_handshake_header(sock, self.read_buff, self.protocol.buff_size))
  File "/opt/ros/noetic/lib/python3/dist-packages/rospy/impl/tcpros_base.py", line 600, in _validate_header
    raise TransportInitError("remote error reported: %s"%header['error'])
rospy.exceptions.TransportInitError: remote error reported: Client [/train_431_1607333345259] wants topic /bev/flow_array_y to have datatype/md5sum [sensor_msgs/Image/060021388200f6f0f447d0fcd9c64743], but our version has [std_msgs/Float32MultiArray/6a40e0ffa6a17a503ac3f8616991b1f6]. Dropping connection.

[rosout][ERROR] 2020-12-07 09:29:21,512: bad callback: <bound method ROSNode.flow_x_callback of <__main__.ROSNode object at 0x7f8a7dbf8070>>
Traceback (most recent call last):
  File "/opt/ros/noetic/lib/python3/dist-packages/rospy/topics.py", line 750, in _invoke_callback
    cb(msg)
  File "./train.py", line 149, in flow_x_callback
    flow_x[row][col] = msg.data[i]
NameError: name 'flow_x' is not defined

[rosout][ERROR] 2020-12-07 09:29:21,713: bad callback: <bound method ROSNode.flow_x_callback of <__main__.ROSNode object at 0x7f8a7dbf8070>>
Traceback (most recent call last):
  File "/opt/ros/noetic/lib/python3/dist-packages/rospy/topics.py", line 750, in _invoke_callback
    cb(msg)
  File "./train.py", line 149, in flow_x_callback
    flow_x[row][col] = msg.data[i]
NameError: name 'flow_x' is not defined

[rosout][ERROR] 2020-12-07 09:29:21,902: bad callback: <bound method ROSNode.flow_x_callback of <__main__.ROSNode object at 0x7f8a7dbf8070>>
Traceback (most recent call last):
  File "/opt/ros/noetic/lib/python3/dist-packages/rospy/topics.py", line 750, in _invoke_callback
    cb(msg)
  File "./train.py", line 149, in flow_x_callback
    flow_x[row][col] = msg.data[i]
NameError: name 'flow_x' is not defined

[rosout][ERROR] 2020-12-07 09:29:22,112: bad callback: <bound method ROSNode.flow_x_callback of <__main__.ROSNode object at 0x7f8a7dbf8070>>
Traceback (most recent call last):
  File "/opt/ros/noetic/lib/python3/dist-packages/rospy/topics.py", line 750, in _invoke_callback
    cb(msg)
  File "./train.py", line 149, in flow_x_callback
    flow_x[row][col] = msg.data[i]
NameError: name 'flow_x' is not defined

[rosout][ERROR] 2020-12-07 09:29:22,332: bad callback: <bound method ROSNode.flow_x_callback of <__main__.ROSNode object at 0x7f8a7dbf8070>>
Traceback (most recent call last):
  File "/opt/ros/noetic/lib/python3/dist-packages/rospy/topics.py", line 750, in _invoke_callback
    cb(msg)
  File "./train.py", line 149, in flow_x_callback
    flow_x[row][col] = msg.data[i]
NameError: name 'flow_x' is not defined

[rosout][ERROR] 2020-12-07 09:29:22,573: bad callback: <bound method ROSNode.flow_x_callback of <__main__.ROSNode object at 0x7f8a7dbf8070>>
Traceback (most recent call last):
  File "/opt/ros/noetic/lib/python3/dist-packages/rospy/topics.py", line 750, in _invoke_callback
    cb(msg)
  File "./train.py", line 149, in flow_x_callback
    flow_x[row][col] = msg.data[i]
NameError: name 'flow_x' is not defined

[rosout][ERROR] 2020-12-07 09:29:22,762: bad callback: <bound method ROSNode.flow_x_callback of <__main__.ROSNode object at 0x7f8a7dbf8070>>
Traceback (most recent call last):
  File "/opt/ros/noetic/lib/python3/dist-packages/rospy/topics.py", line 750, in _invoke_callback
    cb(msg)
  File "./train.py", line 149, in flow_x_callback
    flow_x[row][col] = msg.data[i]
NameError: name 'flow_x' is not defined

[rosout][ERROR] 2020-12-07 09:29:22,952: bad callback: <bound method ROSNode.flow_x_callback of <__main__.ROSNode object at 0x7f8a7dbf8070>>
Traceback (most recent call last):
  File "/opt/ros/noetic/lib/python3/dist-packages/rospy/topics.py", line 750, in _invoke_callback
    cb(msg)
  File "./train.py", line 149, in flow_x_callback
    flow_x[row][col] = msg.data[i]
NameError: name 'flow_x' is not defined

[rosout][ERROR] 2020-12-07 09:29:23,152: bad callback: <bound method ROSNode.flow_x_callback of <__main__.ROSNode object at 0x7f8a7dbf8070>>
Traceback (most recent call last):
  File "/opt/ros/noetic/lib/python3/dist-packages/rospy/topics.py", line 750, in _invoke_callback
    cb(msg)
  File "./train.py", line 149, in flow_x_callback
    flow_x[row][col] = msg.data[i]
NameError: name 'flow_x' is not defined

[rosout][ERROR] 2020-12-07 09:29:23,372: bad callback: <bound method ROSNode.flow_x_callback of <__main__.ROSNode object at 0x7f8a7dbf8070>>
Traceback (most recent call last):
  File "/opt/ros/noetic/lib/python3/dist-packages/rospy/topics.py", line 750, in _invoke_callback
    cb(msg)
  File "./train.py", line 149, in flow_x_callback
    flow_x[row][col] = msg.data[i]
NameError: name 'flow_x' is not defined

[rosout][ERROR] 2020-12-07 09:29:23,612: bad callback: <bound method ROSNode.flow_x_callback of <__main__.ROSNode object at 0x7f8a7dbf8070>>
Traceback (most recent call last):
  File "/opt/ros/noetic/lib/python3/dist-packages/rospy/topics.py", line 750, in _invoke_callback
    cb(msg)
  File "./train.py", line 149, in flow_x_callback
    flow_x[row][col] = msg.data[i]
NameError: name 'flow_x' is not defined

[rosout][ERROR] 2020-12-07 09:29:23,802: bad callback: <bound method ROSNode.flow_x_callback of <__main__.ROSNode object at 0x7f8a7dbf8070>>
Traceback (most recent call last):
  File "/opt/ros/noetic/lib/python3/dist-packages/rospy/topics.py", line 750, in _invoke_callback
    cb(msg)
  File "./train.py", line 149, in flow_x_callback
    flow_x[row][col] = msg.data[i]
NameError: name 'flow_x' is not defined

[rosout][ERROR] 2020-12-07 09:29:24,002: bad callback: <bound method ROSNode.flow_x_callback of <__main__.ROSNode object at 0x7f8a7dbf8070>>
Traceback (most recent call last):
  File "/opt/ros/noetic/lib/python3/dist-packages/rospy/topics.py", line 750, in _invoke_callback
    cb(msg)
  File "./train.py", line 149, in flow_x_callback
    flow_x[row][col] = msg.data[i]
NameError: name 'flow_x' is not defined

[rosout][ERROR] 2020-12-07 09:29:24,192: bad callback: <bound method ROSNode.flow_x_callback of <__main__.ROSNode object at 0x7f8a7dbf8070>>
Traceback (most recent call last):
  File "/opt/ros/noetic/lib/python3/dist-packages/rospy/topics.py", line 750, in _invoke_callback
    cb(msg)
  File "./train.py", line 149, in flow_x_callback
    flow_x[row][col] = msg.data[i]
NameError: name 'flow_x' is not defined

[rosout][ERROR] 2020-12-07 09:29:24,412: bad callback: <bound method ROSNode.flow_x_callback of <__main__.ROSNode object at 0x7f8a7dbf8070>>
Traceback (most recent call last):
  File "/opt/ros/noetic/lib/python3/dist-packages/rospy/topics.py", line 750, in _invoke_callback
    cb(msg)
  File "./train.py", line 149, in flow_x_callback
    flow_x[row][col] = msg.data[i]
NameError: name 'flow_x' is not defined

[rosout][ERROR] 2020-12-07 09:29:24,612: bad callback: <bound method ROSNode.flow_x_callback of <__main__.ROSNode object at 0x7f8a7dbf8070>>
Traceback (most recent call last):
  File "/opt/ros/noetic/lib/python3/dist-packages/rospy/topics.py", line 750, in _invoke_callback
    cb(msg)
  File "./train.py", line 149, in flow_x_callback
    flow_x[row][col] = msg.data[i]
NameError: name 'flow_x' is not defined

[rosout][ERROR] 2020-12-07 09:29:24,852: bad callback: <bound method ROSNode.flow_x_callback of <__main__.ROSNode object at 0x7f8a7dbf8070>>
Traceback (most recent call last):
  File "/opt/ros/noetic/lib/python3/dist-packages/rospy/topics.py", line 750, in _invoke_callback
    cb(msg)
  File "./train.py", line 149, in flow_x_callback
    flow_x[row][col] = msg.data[i]
NameError: name 'flow_x' is not defined

[rosout][ERROR] 2020-12-07 09:29:25,042: bad callback: <bound method ROSNode.flow_x_callback of <__main__.ROSNode object at 0x7f8a7dbf8070>>
Traceback (most recent call last):
  File "/opt/ros/noetic/lib/python3/dist-packages/rospy/topics.py", line 750, in _invoke_callback
    cb(msg)
  File "./train.py", line 149, in flow_x_callback
    flow_x[row][col] = msg.data[i]
NameError: name 'flow_x' is not defined

[rosout][ERROR] 2020-12-07 09:29:25,232: bad callback: <bound method ROSNode.flow_x_callback of <__main__.ROSNode object at 0x7f8a7dbf8070>>
Traceback (most recent call last):
  File "/opt/ros/noetic/lib/python3/dist-packages/rospy/topics.py", line 750, in _invoke_callback
    cb(msg)
  File "./train.py", line 149, in flow_x_callback
    flow_x[row][col] = msg.data[i]
NameError: name 'flow_x' is not defined

[rosout][ERROR] 2020-12-07 09:29:25,442: bad callback: <bound method ROSNode.flow_x_callback of <__main__.ROSNode object at 0x7f8a7dbf8070>>
Traceback (most recent call last):
  File "/opt/ros/noetic/lib/python3/dist-packages/rospy/topics.py", line 750, in _invoke_callback
    cb(msg)
  File "./train.py", line 149, in flow_x_callback
    flow_x[row][col] = msg.data[i]
NameError: name 'flow_x' is not defined

[rosout][ERROR] 2020-12-07 09:29:25,662: bad callback: <bound method ROSNode.flow_x_callback of <__main__.ROSNode object at 0x7f8a7dbf8070>>
Traceback (most recent call last):
  File "/opt/ros/noetic/lib/python3/dist-packages/rospy/topics.py", line 750, in _invoke_callback
    cb(msg)
  File "./train.py", line 149, in flow_x_callback
    flow_x[row][col] = msg.data[i]
NameError: name 'flow_x' is not defined

[rosout][ERROR] 2020-12-07 09:29:25,862: bad callback: <bound method ROSNode.flow_x_callback of <__main__.ROSNode object at 0x7f8a7dbf8070>>
Traceback (most recent call last):
  File "/opt/ros/noetic/lib/python3/dist-packages/rospy/topics.py", line 750, in _invoke_callback
    cb(msg)
  File "./train.py", line 149, in flow_x_callback
    flow_x[row][col] = msg.data[i]
NameError: name 'flow_x' is not defined

[rosout][ERROR] 2020-12-07 09:29:26,102: bad callback: <bound method ROSNode.flow_x_callback of <__main__.ROSNode object at 0x7f8a7dbf8070>>
Traceback (most recent call last):
  File "/opt/ros/noetic/lib/python3/dist-packages/rospy/topics.py", line 750, in _invoke_callback
    cb(msg)
  File "./train.py", line 149, in flow_x_callback
    flow_x[row][col] = msg.data[i]
NameError: name 'flow_x' is not defined

[rosout][ERROR] 2020-12-07 09:29:26,302: bad callback: <bound method ROSNode.flow_x_callback of <__main__.ROSNode object at 0x7f8a7dbf8070>>
Traceback (most recent call last):
  File "/opt/ros/noetic/lib/python3/dist-packages/rospy/topics.py", line 750, in _invoke_callback
    cb(msg)
  File "./train.py", line 149, in flow_x_callback
    flow_x[row][col] = msg.data[i]
NameError: name 'flow_x' is not defined

[rospy.core][INFO] 2020-12-07 09:29:26,460: signal_shutdown [signal-2]
[rospy.internal][INFO] 2020-12-07 09:29:26,465: topic[/rosout] removing connection to /rosout
[rospy.internal][INFO] 2020-12-07 09:29:26,465: topic[/cmd_vel] removing connection to /gazebo
[rospy.internal][INFO] 2020-12-07 09:29:26,466: topic[/episode_watcher/is_finish_episode] removing connection to /episode_manager
[rospy.internal][INFO] 2020-12-07 09:29:26,466: topic[/bev/flow_array_x] removing connection to http://192.168.0.201:36049/
[rospy.internal][INFO] 2020-12-07 09:29:26,467: topic[/bev/flow_array_y] removing connection to http://192.168.0.201:36049/
[rospy.internal][WARNING] 2020-12-07 09:29:26,467: Unknown error initiating TCP/IP socket to 192.168.0.201:44725 (http://192.168.0.201:36049/): Traceback (most recent call last):
  File "/opt/ros/noetic/lib/python3/dist-packages/rospy/impl/tcpros_base.py", line 562, in connect
    self.read_header()
  File "/opt/ros/noetic/lib/python3/dist-packages/rospy/impl/tcpros_base.py", line 657, in read_header
    self._validate_header(read_ros_handshake_header(sock, self.read_buff, self.protocol.buff_size))
AttributeError: 'NoneType' object has no attribute 'buff_size'

[rospy.internal][INFO] 2020-12-07 09:29:26,467: topic[/bev/raycast_image] removing connection to http://192.168.0.201:37487/
[rospy.internal][WARNING] 2020-12-07 09:29:26,468: Unknown error initiating TCP/IP socket to 192.168.0.201:52859 (http://192.168.0.201:37487/): Traceback (most recent call last):
  File "/opt/ros/noetic/lib/python3/dist-packages/rospy/impl/tcpros_base.py", line 562, in connect
    self.read_header()
  File "/opt/ros/noetic/lib/python3/dist-packages/rospy/impl/tcpros_base.py", line 657, in read_header
    self._validate_header(read_ros_handshake_header(sock, self.read_buff, self.protocol.buff_size))
AttributeError: 'NoneType' object has no attribute 'buff_size'

[rospy.internal][INFO] 2020-12-07 09:29:26,468: topic[/odom] removing connection to http://192.168.0.201:33281/
[rospy.internal][WARNING] 2020-12-07 09:29:26,469: Unknown error initiating TCP/IP socket to 192.168.0.201:53505 (http://192.168.0.201:33281/): Traceback (most recent call last):
  File "/opt/ros/noetic/lib/python3/dist-packages/rospy/impl/tcpros_base.py", line 562, in connect
    self.read_header()
  File "/opt/ros/noetic/lib/python3/dist-packages/rospy/impl/tcpros_base.py", line 657, in read_header
    self._validate_header(read_ros_handshake_header(sock, self.read_buff, self.protocol.buff_size))
AttributeError: 'NoneType' object has no attribute 'buff_size'

[rospy.internal][INFO] 2020-12-07 09:29:26,469: topic[/start_goal_points] removing connection to http://192.168.0.201:39321/
[rospy.internal][INFO] 2020-12-07 09:29:26,470: topic[/scan] removing connection to http://192.168.0.201:33281/
[rospy.internal][INFO] 2020-12-07 09:29:26,471: topic[/scan] removing connection to http://192.168.0.201:45983/
[rospy.internal][WARNING] 2020-12-07 09:29:26,471: Unknown error initiating TCP/IP socket to 192.168.0.201:55471 (http://192.168.0.201:39321/): Traceback (most recent call last):
  File "/opt/ros/noetic/lib/python3/dist-packages/rospy/impl/tcpros_base.py", line 562, in connect
    self.read_header()
  File "/opt/ros/noetic/lib/python3/dist-packages/rospy/impl/tcpros_base.py", line 657, in read_header
    self._validate_header(read_ros_handshake_header(sock, self.read_buff, self.protocol.buff_size))
AttributeError: 'NoneType' object has no attribute 'buff_size'

[rospy.internal][INFO] 2020-12-07 09:29:26,471: topic[/is_start_episode] removing connection to http://192.168.0.201:44577/
[rospy.internal][WARNING] 2020-12-07 09:29:26,472: Unknown error initiating TCP/IP socket to 192.168.0.201:55505 (http://192.168.0.201:45983/): Traceback (most recent call last):
  File "/opt/ros/noetic/lib/python3/dist-packages/rospy/impl/tcpros_base.py", line 562, in connect
    self.read_header()
  File "/opt/ros/noetic/lib/python3/dist-packages/rospy/impl/tcpros_base.py", line 657, in read_header
    self._validate_header(read_ros_handshake_header(sock, self.read_buff, self.protocol.buff_size))
AttributeError: 'NoneType' object has no attribute 'buff_size'

[rospy.internal][WARNING] 2020-12-07 09:29:26,472: Unknown error initiating TCP/IP socket to 192.168.0.201:36907 (http://192.168.0.201:44577/): Traceback (most recent call last):
  File "/opt/ros/noetic/lib/python3/dist-packages/rospy/impl/tcpros_base.py", line 562, in connect
    self.read_header()
  File "/opt/ros/noetic/lib/python3/dist-packages/rospy/impl/tcpros_base.py", line 657, in read_header
    self._validate_header(read_ros_handshake_header(sock, self.read_buff, self.protocol.buff_size))
AttributeError: 'NoneType' object has no attribute 'buff_size'

[rospy.topics][ERROR] 2020-12-07 09:29:26,473: Traceback (most recent call last):
  File "/opt/ros/noetic/lib/python3/dist-packages/rospy/topics.py", line 326, in close
    c.close()
  File "/opt/ros/noetic/lib/python3/dist-packages/rospy/impl/tcpros_base.py", line 846, in close
    self.socket.close()
AttributeError: 'NoneType' object has no attribute 'close'

[rospy.impl.masterslave][INFO] 2020-12-07 09:29:26,473: signal-2
[rospy.core][INFO] 2020-12-07 09:29:26,960: signal_shutdown [signal-2]
[rospy.core][INFO] 2020-12-07 09:29:26,991: signal_shutdown [signal-2]
[rospy.core][INFO] 2020-12-07 09:29:27,022: signal_shutdown [signal-2]
[rospy.core][INFO] 2020-12-07 09:29:27,052: signal_shutdown [signal-2]
[rospy.core][INFO] 2020-12-07 09:29:27,091: signal_shutdown [signal-2]
[rospy.core][INFO] 2020-12-07 09:29:27,117: signal_shutdown [signal-2]
[rospy.core][INFO] 2020-12-07 09:29:27,134: signal_shutdown [atexit]
