[rospy.client][INFO] 2020-12-11 06:12:35,563: init_node, name[/train_494_1607667155534], pid[494]
[xmlrpc][INFO] 2020-12-11 06:12:35,563: XML-RPC server binding to 0.0.0.0:0
[xmlrpc][INFO] 2020-12-11 06:12:35,564: Started XML-RPC server [http://192.168.0.191:44765/]
[rospy.init][INFO] 2020-12-11 06:12:35,564: ROS Slave URI: [http://192.168.0.191:44765/]
[rospy.impl.masterslave][INFO] 2020-12-11 06:12:35,564: _ready: http://192.168.0.191:44765/
[rospy.registration][INFO] 2020-12-11 06:12:35,565: Registering with master node http://192.168.0.201:11311
[xmlrpc][INFO] 2020-12-11 06:12:35,566: xml rpc node: starting XML-RPC server
[rospy.init][INFO] 2020-12-11 06:12:35,665: registered with master
[rospy.rosout][INFO] 2020-12-11 06:12:35,665: initializing /rosout core topic
[rospy.rosout][INFO] 2020-12-11 06:12:35,670: connected to core topic /rosout
[rospy.simtime][INFO] 2020-12-11 06:12:35,672: /use_sim_time is not set, will not subscribe to simulated time [/clock] topic
[rospy.internal][INFO] 2020-12-11 06:12:35,688: topic[/bev/flow_array_x] adding connection to [http://192.168.0.201:33183/], count 0
[rospy.internal][INFO] 2020-12-11 06:12:35,691: topic[/odom] adding connection to [http://192.168.0.201:32805/], count 0
[rospy.internal][INFO] 2020-12-11 06:12:35,697: topic[/start_goal_points] adding connection to [http://192.168.0.201:44349/], count 0
[rospy.internal][INFO] 2020-12-11 06:12:35,702: topic[/scan] adding connection to [http://192.168.0.201:32805/], count 0
[rospy.internal][INFO] 2020-12-11 06:12:35,702: topic[/scan] adding connection to [http://192.168.0.201:46111/], count 0
[rospy.internal][INFO] 2020-12-11 06:12:35,707: topic[/is_start_episode] adding connection to [http://192.168.0.201:39135/], count 0
[rospy.internal][INFO] 2020-12-11 06:12:35,713: topic[/bev/raycast_multiarray] adding connection to [http://192.168.0.201:42013/], count 0
[rospy.internal][INFO] 2020-12-11 06:12:35,716: topic[/bev/flow_array_y] adding connection to [http://192.168.0.201:33183/], count 0
[rosout][ERROR] 2020-12-11 06:12:35,746: bad callback: <bound method ROSNode.raycast_multiarray_callback of <__main__.ROSNode object at 0x7fd1fa756580>>
Traceback (most recent call last):
  File "/opt/ros/noetic/lib/python3/dist-packages/rospy/topics.py", line 750, in _invoke_callback
    cb(msg)
  File "./train.py", line 144, in raycast_multiarray_callback
    if math.sqrt(math.pow(i * self.map_grid_size - 0.5 * self.map_range, 2) + math.pow(j * self.map_grid_size - 0.5 * self.map_range, 2)) <= self.robot_rsize:
NameError: name 'j' is not defined

[rospy.internal][INFO] 2020-12-11 06:12:35,872: topic[/episode_watcher/is_finish_episode] adding connection to [/episode_manager], count 0
[rosout][ERROR] 2020-12-11 06:12:35,972: bad callback: <bound method ROSNode.raycast_multiarray_callback of <__main__.ROSNode object at 0x7fd1fa756580>>
Traceback (most recent call last):
  File "/opt/ros/noetic/lib/python3/dist-packages/rospy/topics.py", line 750, in _invoke_callback
    cb(msg)
  File "./train.py", line 144, in raycast_multiarray_callback
    if math.sqrt(math.pow(i * self.map_grid_size - 0.5 * self.map_range, 2) + math.pow(j * self.map_grid_size - 0.5 * self.map_range, 2)) <= self.robot_rsize:
NameError: name 'j' is not defined

[rospy.internal][INFO] 2020-12-11 06:12:35,974: topic[/rosout] adding connection to [/rosout], count 0
[rospy.internal][INFO] 2020-12-11 06:12:35,975: topic[/cmd_vel] adding connection to [/gazebo], count 0
[rosout][ERROR] 2020-12-11 06:12:36,166: bad callback: <bound method ROSNode.raycast_multiarray_callback of <__main__.ROSNode object at 0x7fd1fa756580>>
Traceback (most recent call last):
  File "/opt/ros/noetic/lib/python3/dist-packages/rospy/topics.py", line 750, in _invoke_callback
    cb(msg)
  File "./train.py", line 144, in raycast_multiarray_callback
    if math.sqrt(math.pow(i * self.map_grid_size - 0.5 * self.map_range, 2) + math.pow(j * self.map_grid_size - 0.5 * self.map_range, 2)) <= self.robot_rsize:
NameError: name 'j' is not defined

[rosout][ERROR] 2020-12-11 06:12:36,369: bad callback: <bound method ROSNode.raycast_multiarray_callback of <__main__.ROSNode object at 0x7fd1fa756580>>
Traceback (most recent call last):
  File "/opt/ros/noetic/lib/python3/dist-packages/rospy/topics.py", line 750, in _invoke_callback
    cb(msg)
  File "./train.py", line 144, in raycast_multiarray_callback
    if math.sqrt(math.pow(i * self.map_grid_size - 0.5 * self.map_range, 2) + math.pow(j * self.map_grid_size - 0.5 * self.map_range, 2)) <= self.robot_rsize:
NameError: name 'j' is not defined

[rosout][ERROR] 2020-12-11 06:12:36,572: bad callback: <bound method ROSNode.raycast_multiarray_callback of <__main__.ROSNode object at 0x7fd1fa756580>>
Traceback (most recent call last):
  File "/opt/ros/noetic/lib/python3/dist-packages/rospy/topics.py", line 750, in _invoke_callback
    cb(msg)
  File "./train.py", line 144, in raycast_multiarray_callback
    if math.sqrt(math.pow(i * self.map_grid_size - 0.5 * self.map_range, 2) + math.pow(j * self.map_grid_size - 0.5 * self.map_range, 2)) <= self.robot_rsize:
NameError: name 'j' is not defined

[rosout][ERROR] 2020-12-11 06:12:36,771: bad callback: <bound method ROSNode.raycast_multiarray_callback of <__main__.ROSNode object at 0x7fd1fa756580>>
Traceback (most recent call last):
  File "/opt/ros/noetic/lib/python3/dist-packages/rospy/topics.py", line 750, in _invoke_callback
    cb(msg)
  File "./train.py", line 144, in raycast_multiarray_callback
    if math.sqrt(math.pow(i * self.map_grid_size - 0.5 * self.map_range, 2) + math.pow(j * self.map_grid_size - 0.5 * self.map_range, 2)) <= self.robot_rsize:
NameError: name 'j' is not defined

[rosout][ERROR] 2020-12-11 06:12:36,981: bad callback: <bound method ROSNode.raycast_multiarray_callback of <__main__.ROSNode object at 0x7fd1fa756580>>
Traceback (most recent call last):
  File "/opt/ros/noetic/lib/python3/dist-packages/rospy/topics.py", line 750, in _invoke_callback
    cb(msg)
  File "./train.py", line 144, in raycast_multiarray_callback
    if math.sqrt(math.pow(i * self.map_grid_size - 0.5 * self.map_range, 2) + math.pow(j * self.map_grid_size - 0.5 * self.map_range, 2)) <= self.robot_rsize:
NameError: name 'j' is not defined

[rosout][ERROR] 2020-12-11 06:12:37,192: bad callback: <bound method ROSNode.raycast_multiarray_callback of <__main__.ROSNode object at 0x7fd1fa756580>>
Traceback (most recent call last):
  File "/opt/ros/noetic/lib/python3/dist-packages/rospy/topics.py", line 750, in _invoke_callback
    cb(msg)
  File "./train.py", line 144, in raycast_multiarray_callback
    if math.sqrt(math.pow(i * self.map_grid_size - 0.5 * self.map_range, 2) + math.pow(j * self.map_grid_size - 0.5 * self.map_range, 2)) <= self.robot_rsize:
NameError: name 'j' is not defined

[rosout][ERROR] 2020-12-11 06:12:37,391: bad callback: <bound method ROSNode.raycast_multiarray_callback of <__main__.ROSNode object at 0x7fd1fa756580>>
Traceback (most recent call last):
  File "/opt/ros/noetic/lib/python3/dist-packages/rospy/topics.py", line 750, in _invoke_callback
    cb(msg)
  File "./train.py", line 144, in raycast_multiarray_callback
    if math.sqrt(math.pow(i * self.map_grid_size - 0.5 * self.map_range, 2) + math.pow(j * self.map_grid_size - 0.5 * self.map_range, 2)) <= self.robot_rsize:
NameError: name 'j' is not defined

[rosout][ERROR] 2020-12-11 06:12:37,601: bad callback: <bound method ROSNode.raycast_multiarray_callback of <__main__.ROSNode object at 0x7fd1fa756580>>
Traceback (most recent call last):
  File "/opt/ros/noetic/lib/python3/dist-packages/rospy/topics.py", line 750, in _invoke_callback
    cb(msg)
  File "./train.py", line 144, in raycast_multiarray_callback
    if math.sqrt(math.pow(i * self.map_grid_size - 0.5 * self.map_range, 2) + math.pow(j * self.map_grid_size - 0.5 * self.map_range, 2)) <= self.robot_rsize:
NameError: name 'j' is not defined

[rosout][ERROR] 2020-12-11 06:12:37,811: bad callback: <bound method ROSNode.raycast_multiarray_callback of <__main__.ROSNode object at 0x7fd1fa756580>>
Traceback (most recent call last):
  File "/opt/ros/noetic/lib/python3/dist-packages/rospy/topics.py", line 750, in _invoke_callback
    cb(msg)
  File "./train.py", line 144, in raycast_multiarray_callback
    if math.sqrt(math.pow(i * self.map_grid_size - 0.5 * self.map_range, 2) + math.pow(j * self.map_grid_size - 0.5 * self.map_range, 2)) <= self.robot_rsize:
NameError: name 'j' is not defined

[rosout][ERROR] 2020-12-11 06:12:38,029: bad callback: <bound method ROSNode.raycast_multiarray_callback of <__main__.ROSNode object at 0x7fd1fa756580>>
Traceback (most recent call last):
  File "/opt/ros/noetic/lib/python3/dist-packages/rospy/topics.py", line 750, in _invoke_callback
    cb(msg)
  File "./train.py", line 144, in raycast_multiarray_callback
    if math.sqrt(math.pow(i * self.map_grid_size - 0.5 * self.map_range, 2) + math.pow(j * self.map_grid_size - 0.5 * self.map_range, 2)) <= self.robot_rsize:
NameError: name 'j' is not defined

[rosout][ERROR] 2020-12-11 06:12:38,246: bad callback: <bound method ROSNode.raycast_multiarray_callback of <__main__.ROSNode object at 0x7fd1fa756580>>
Traceback (most recent call last):
  File "/opt/ros/noetic/lib/python3/dist-packages/rospy/topics.py", line 750, in _invoke_callback
    cb(msg)
  File "./train.py", line 144, in raycast_multiarray_callback
    if math.sqrt(math.pow(i * self.map_grid_size - 0.5 * self.map_range, 2) + math.pow(j * self.map_grid_size - 0.5 * self.map_range, 2)) <= self.robot_rsize:
NameError: name 'j' is not defined

[rosout][ERROR] 2020-12-11 06:12:38,451: bad callback: <bound method ROSNode.raycast_multiarray_callback of <__main__.ROSNode object at 0x7fd1fa756580>>
Traceback (most recent call last):
  File "/opt/ros/noetic/lib/python3/dist-packages/rospy/topics.py", line 750, in _invoke_callback
    cb(msg)
  File "./train.py", line 144, in raycast_multiarray_callback
    if math.sqrt(math.pow(i * self.map_grid_size - 0.5 * self.map_range, 2) + math.pow(j * self.map_grid_size - 0.5 * self.map_range, 2)) <= self.robot_rsize:
NameError: name 'j' is not defined

[rospy.core][INFO] 2020-12-11 06:12:38,547: signal_shutdown [signal-2]
[rospy.internal][INFO] 2020-12-11 06:12:38,568: topic[/rosout] removing connection to /rosout
[rospy.internal][INFO] 2020-12-11 06:12:38,569: topic[/cmd_vel] removing connection to /gazebo
[rospy.internal][INFO] 2020-12-11 06:12:38,569: topic[/episode_watcher/is_finish_episode] removing connection to /episode_manager
[rospy.internal][INFO] 2020-12-11 06:12:38,570: topic[/bev/flow_array_x] removing connection to http://192.168.0.201:33183/
[rospy.internal][INFO] 2020-12-11 06:12:38,570: topic[/bev/flow_array_y] removing connection to http://192.168.0.201:33183/
[rospy.internal][INFO] 2020-12-11 06:12:38,571: topic[/bev/raycast_multiarray] removing connection to http://192.168.0.201:42013/
[rospy.internal][INFO] 2020-12-11 06:12:38,571: topic[/odom] removing connection to http://192.168.0.201:32805/
[rospy.internal][INFO] 2020-12-11 06:12:38,572: topic[/start_goal_points] removing connection to http://192.168.0.201:44349/
[rospy.internal][INFO] 2020-12-11 06:12:38,572: topic[/scan] removing connection to http://192.168.0.201:32805/
[rospy.internal][INFO] 2020-12-11 06:12:38,573: topic[/scan] removing connection to http://192.168.0.201:46111/
[rospy.internal][INFO] 2020-12-11 06:12:38,573: topic[/is_start_episode] removing connection to http://192.168.0.201:39135/
[rospy.impl.masterslave][INFO] 2020-12-11 06:12:38,574: signal-2
[rospy.internal][WARNING] 2020-12-11 06:12:38,574: Unknown error initiating TCP/IP socket to 192.168.0.201:47841 (http://192.168.0.201:44349/): Traceback (most recent call last):
  File "/opt/ros/noetic/lib/python3/dist-packages/rospy/impl/tcpros_base.py", line 562, in connect
    self.read_header()
  File "/opt/ros/noetic/lib/python3/dist-packages/rospy/impl/tcpros_base.py", line 657, in read_header
    self._validate_header(read_ros_handshake_header(sock, self.read_buff, self.protocol.buff_size))
AttributeError: 'NoneType' object has no attribute 'buff_size'

[rospy.core][INFO] 2020-12-11 06:12:39,041: signal_shutdown [signal-2]
[rospy.core][INFO] 2020-12-11 06:12:39,071: signal_shutdown [signal-2]
[rospy.core][INFO] 2020-12-11 06:12:39,101: signal_shutdown [signal-2]
[rospy.core][INFO] 2020-12-11 06:12:39,132: signal_shutdown [signal-2]
[rospy.core][INFO] 2020-12-11 06:12:39,161: signal_shutdown [signal-2]
[rospy.core][INFO] 2020-12-11 06:12:39,206: signal_shutdown [signal-2]
[rospy.core][INFO] 2020-12-11 06:12:39,239: signal_shutdown [signal-2]
[rospy.core][INFO] 2020-12-11 06:12:39,253: signal_shutdown [signal-2]
[rospy.core][INFO] 2020-12-11 06:12:39,254: signal_shutdown [atexit]
